#
# There is insufficient memory for the Java Runtime Environment to continue.
# Native memory allocation (malloc) failed to allocate 230576 bytes for Chunk::new
# Possible reasons:
#   The system is out of physical RAM or swap space
#   In 32 bit mode, the process size limit was hit
# Possible solutions:
#   Reduce memory load on the system
#   Increase physical memory or swap space
#   Check if swap backing store is full
#   Use 64 bit Java on a 64 bit OS
#   Decrease Java heap size (-Xmx/-Xms)
#   Decrease number of Java threads
#
#  Out of Memory Error, pid=4176
#
] PTAMS 0x00000000aa000000 NTAMS 0x00000000aa000000 space 1024K, 100% used [0x00000000a9f00000, 0x00000000aa000000)
AC   0  O    TS     0 PTAMS 0x00000000aa100000 NTAMS 0x00000000aa100000 space 1024K, 100% used [0x00000000aa000000, 0x00000000aa100000)
AC   0  F    TS     0 PTAMS 0x00000000aa100000 NTAMS 0x00000000aa100000 space 1024K,   0% used [0x00000000aa100000, 0x00000000aa200000)
AC   0  O    TS     0 PTAMS 0x00000000aa300000 NTAMS 0x00000000aa300000 space 1024K, 100% used [0x00000000aa200000, 0x00000000aa300000)
AC   0  O    TS     0 PTAMS 0x00000000aa400000 NTAMS 0x00000000aa400000 space 1024K, 100% used [0x00000000aa300000, 0x00000000aa400000)
AC   0  F    TS     0 PTAMS 0x00000000aa400000 NTAMS 0x00000000aa400000 space 1024K,   0% used [0x00000000aa400000, 0x00000000aa500000)
AC   0  O    TS     0 PTAMS 0x00000000aa600000 NTAMS 0x00000000aa600000 space 1024K, 100% used [0x00000000aa500000, 0x00000000aa600000)
AC   0  F    TS     0 PTAMS 0x00000000aa600000 NTAMS 0x00000000aa600000 space 1024K,   0% used [0x00000000aa600000, 0x00000000aa700000)
AC   0  O    TS     0 PTAMS 0x00000000aa800000 NTAMS 0x00000000aa800000 space 1024K, 100% used [0x00000000aa700000, 0x00000000aa800000)
AC   0  O    TS     0 PTAMS 0x00000000aa900000 NTAMS 0x00000000aa900000 space 1024K, 100% used [0x00000000aa800000, 0x00000000aa900000)
AC   0  F    TS     0 PTAMS 0x00000000aa900000 NTAMS 0x00000000aa900000 space 1024K,   0% used [0x00000000aa900000, 0x00000000aaa00000)
AC   0  O    TS     0 PTAMS 0x00000000aab00000 NTAMS 0x00000000aab00000 space 1024K, 100% used [0x00000000aaa00000, 0x00000000aab00000)
AC   0  O    TS     3 PTAMS 0x00000000aab8f600 NTAMS 0x00000000aab8f600 space 1024K, 100% used [0x00000000aab00000, 0x00000000aac00000)
AC   0  S CS TS     5 PTAMS 0x00000000aac00000 NTAMS 0x00000000aac00000 space 1024K, 100% used [0x00000000aac00000, 0x00000000aad00000)
AC   0  S CS TS     5 PTAMS 0x00000000aad00000 NTAMS 0x00000000aad00000 space 1024K, 100% used [0x00000000aad00000, 0x00000000aae00000)
AC   0  S CS TS     5 PTAMS 0x00000000aae00000 NTAMS 0x00000000aae00000 space 1024K, 100% used [0x00000000aae00000, 0x00000000aaf00000)
AC   0  S CS TS     5 PTAMS 0x00000000aaf00000 NTAMS 0x00000000aaf00000 space 1024K, 100% used [0x00000000aaf00000, 0x00000000ab000000)
AC   0  S CS TS     5 PTAMS 0x00000000ab000000 NTAMS 0x00000000ab000000 space 1024K, 100% used [0x00000000ab000000, 0x00000000ab100000)
AC   0  S CS TS     5 PTAMS 0x00000000ab100000 NTAMS 0x00000000ab100000 space 1024K, 100% used [0x00000000ab100000, 0x00000000ab200000)
AC   0  S CS TS     5 PTAMS 0x00000000ab200000 NTAMS 0x00000000ab200000 space 1024K, 100% used [0x00000000ab200000, 0x00000000ab300000)
AC   0  S CS TS     5 PTAMS 0x00000000ab300000 NTAMS 0x00000000ab300000 space 1024K, 100% used [0x00000000ab300000, 0x00000000ab400000)
AC   0  S CS TS     5 PTAMS 0x00000000ab400000 NTAMS 0x00000000ab400000 space 1024K, 100% used [0x00000000ab400000, 0x00000000ab500000)
AC   0  S CS TS     5 PTAMS 0x00000000ab500000 NTAMS 0x00000000ab500000 space 1024K, 100% used [0x00000000ab500000, 0x00000000ab600000)
AC   0  S CS TS     5 PTAMS 0x00000000ab600000 NTAMS 0x00000000ab600000 space 1024K, 100% used [0x00000000ab600000, 0x00000000ab700000)
AC   0  S CS TS     5 PTAMS 0x00000000ab700000 NTAMS 0x00000000ab700000 space 1024K, 100% used [0x00000000ab700000, 0x00000000ab800000)
AC   0  S CS TS     5 PTAMS 0x00000000ab800000 NTAMS 0x00000000ab800000 space 1024K, 100% used [0x00000000ab800000, 0x00000000ab900000)
AC   0  S CS TS     5 PTAMS 0x00000000ab900000 NTAMS 0x00000000ab900000 space 1024K, 100% used [0x00000000ab900000, 0x00000000aba00000)
AC   0  S CS TS     5 PTAMS 0x00000000aba00000 NTAMS 0x00000000aba00000 space 1024K, 100% used [0x00000000aba00000, 0x00000000abb00000)
AC   0  S CS TS     5 PTAMS 0x00000000abb00000 NTAMS 0x00000000abb00000 space 1024K, 100% used [0x00000000abb00000, 0x00000000abc00000)
AC   0  S CS TS     5 PTAMS 0x00000000abc00000 NTAMS 0x00000000abc00000 space 1024K, 100% used [0x00000000abc00000, 0x00000000abd00000)
AC   0  S CS TS     5 PTAMS 0x00000000abd00000 NTAMS 0x00000000abd00000 space 1024K, 100% used [0x00000000abd00000, 0x00000000abe00000)
AC   0  S CS TS     5 PTAMS 0x00000000abe00000 NTAMS 0x00000000abe00000 space 1024K, 100% used [0x00000000abe00000, 0x00000000abf00000)
AC   0  S CS TS     5 PTAMS 0x00000000abf00000 NTAMS 0x00000000abf00000 space 1024K, 100% used [0x00000000abf00000, 0x00000000ac000000)
AC   0  S CS TS     5 PTAMS 0x00000000ac000000 NTAMS 0x00000000ac000000 space 1024K, 100% used [0x00000000ac000000, 0x00000000ac100000)
AC   0  S CS TS     5 PTAMS 0x00000000ac100000 NTAMS 0x00000000ac100000 space 1024K, 100% used [0x00000000ac100000, 0x00000000ac200000)
AC   0  S CS TS     5 PTAMS 0x00000000ac200000 NTAMS 0x00000000ac200000 space 1024K, 100% used [0x00000000ac200000, 0x00000000ac300000)
AC   0  F    TS     0 PTAMS 0x00000000ac300000 NTAMS 0x00000000ac300000 space 1024K,   0% used [0x00000000ac300000, 0x00000000ac400000)
AC   0  F    TS     0 PTAMS 0x00000000ac400000 NTAMS 0x00000000ac400000 space 1024K,   0% used [0x00000000ac400000, 0x00000000ac500000)
AC   0  F    TS     0 PTAMS 0x00000000ac500000 NTAMS 0x00000000ac500000 space 1024K,   0% used [0x00000000ac500000, 0x00000000ac600000)
AC   0  F    TS     0 PTAMS 0x00000000ac600000 NTAMS 0x00000000ac600000 space 1024K,   0% used [0x00000000ac600000, 0x00000000ac700000)
AC   0  F    TS     0 PTAMS 0x00000000ac700000 NTAMS 0x00000000ac700000 space 1024K,   0% used [0x00000000ac700000, 0x00000000ac800000)
AC   0  F    TS     0 PTAMS 0x00000000ac800000 NTAMS 0x00000000ac800000 space 1024K,   0% used [0x00000000ac800000, 0x00000000ac900000)
AC   0  F    TS     0 PTAMS 0x00000000ac900000 NTAMS 0x00000000ac900000 space 1024K,   0% used [0x00000000ac900000, 0x00000000aca00000)
AC   0  F    TS     0 PTAMS 0x00000000aca00000 NTAMS 0x00000000aca00000 space 1024K,   0% used [0x00000000aca00000, 0x00000000acb00000)
AC   0  F    TS     0 PTAMS 0x00000000acb00000 NTAMS 0x00000000acb00000 space 1024K,   0% used [0x00000000acb00000, 0x00000000acc00000)
AC   0  F    TS     0 PTAMS 0x00000000acc00000 NTAMS 0x00000000acc00000 space 1024K,   0% used [0x00000000acc00000, 0x00000000acd00000)
AC   0  F    TS     0 PTAMS 0x00000000acd00000 NTAMS 0x00000000acd00000 space 1024K,   0% used [0x00000000acd00000, 0x00000000ace00000)
AC   0  F    TS     0 PTAMS 0x00000000ace00000 NTAMS 0x00000000ace00000 space 1024K,   0% used [0x00000000ace00000, 0x00000000acf00000)
AC   0  F    TS     0 PTAMS 0x00000000acf00000 NTAMS 0x00000000acf00000 space 1024K,   0% used [0x00000000acf00000, 0x00000000ad000000)
AC   0  F    TS     0 PTAMS 0x00000000ad000000 NTAMS 0x00000000ad000000 space 1024K,   0% used [0x00000000ad000000, 0x00000000ad100000)
AC   0  F    TS     0 PTAMS 0x00000000ad100000 NTAMS 0x00000000ad100000 space 1024K,   0% used [0x00000000ad100000, 0x00000000ad200000)
AC   0  F    TS     0 PTAMS 0x00000000ad200000 NTAMS 0x00000000ad200000 space 1024K,   0% used [0x00000000ad200000, 0x00000000ad300000)
AC   0  F    TS     0 PTAMS 0x00000000ad300000 NTAMS 0x00000000ad300000 space 1024K,   0% used [0x00000000ad300000, 0x00000000ad400000)
AC   0  F    TS     0 PTAMS 0x00000000ad400000 NTAMS 0x00000000ad400000 space 1024K,   0% used [0x00000000ad400000, 0x00000000ad500000)
AC   0  F    TS     0 PTAMS 0x00000000ad500000 NTAMS 0x00000000ad500000 space 1024K,   0% used [0x00000000ad500000, 0x00000000ad600000)
AC   0  F    TS     0 PTAMS 0x00000000ad600000 NTAMS 0x00000000ad600000 space 1024K,   0% used [0x00000000ad600000, 0x00000000ad700000)
AC   0  F    TS     0 PTAMS 0x00000000ad700000 NTAMS 0x00000000ad700000 space 1024K,   0% used [0x00000000ad700000, 0x00000000ad800000)
AC   0  F    TS     0 PTAMS 0x00000000ad800000 NTAMS 0x00000000ad800000 space 1024K,   0% used [0x00000000ad800000, 0x00000000ad900000)
AC   0  F    TS     0 PTAMS 0x00000000ad900000 NTAMS 0x00000000ad900000 space 1024K,   0% used [0x00000000ad900000, 0x00000000ada00000)
AC   0  F    TS     0 PTAMS 0x00000000ada00000 NTAMS 0x00000000ada00000 space 1024K,   0% used [0x00000000ada00000, 0x00000000adb00000)
AC   0  F    TS     0 PTAMS 0x00000000adb00000 NTAMS 0x00000000adb00000 space 1024K,   0% used [0x00000000adb00000, 0x00000000adc00000)
AC   0  F    TS     0 PTAMS 0x00000000adc00000 NTAMS 0x00000000adc00000 space 1024K,   0% used [0x00000000adc00000, 0x00000000add00000)
AC   0  F    TS     0 PTAMS 0x00000000add00000 NTAMS 0x00000000add00000 space 1024K,   0% used [0x00000000add00000, 0x00000000ade00000)
AC   0  F    TS     0 PTAMS 0x00000000ade00000 NTAMS 0x00000000ade00000 space 1024K,   0% used [0x00000000ade00000, 0x00000000adf00000)
AC   0  F    TS     0 PTAMS 0x00000000adf00000 NTAMS 0x00000000adf00000 space 1024K,   0% used [0x00000000adf00000, 0x00000000ae000000)
AC   0  F    TS     0 PTAMS 0x00000000ae000000 NTAMS 0x00000000ae000000 space 1024K,   0% used [0x00000000ae000000, 0x00000000ae100000)
AC   0  F    TS     0 PTAMS 0x00000000ae100000 NTAMS 0x00000000ae100000 space 1024K,   0% used [0x00000000ae100000, 0x00000000ae200000)
AC   0  F    TS     0 PTAMS 0x00000000ae200000 NTAMS 0x00000000ae200000 space 1024K,   0% used [0x00000000ae200000, 0x00000000ae300000)
AC   0  F    TS     0 PTAMS 0x00000000ae300000 NTAMS 0x00000000ae300000 space 1024K,   0% used [0x00000000ae300000, 0x00000000ae400000)
AC   0  F    TS     0 PTAMS 0x00000000ae400000 NTAMS 0x00000000ae400000 space 1024K,   0% used [0x00000000ae400000, 0x00000000ae500000)
AC   0  F    TS     0 PTAMS 0x00000000ae500000 NTAMS 0x00000000ae500000 space 1024K,   0% used [0x00000000ae500000, 0x00000000ae600000)
AC   0  F    TS     0 PTAMS 0x00000000ae600000 NTAMS 0x00000000ae600000 space 1024K,   0% used [0x00000000ae600000, 0x00000000ae700000)
AC   0  F    TS     0 PTAMS 0x00000000ae700000 NTAMS 0x00000000ae700000 space 1024K,   0% used [0x00000000ae700000, 0x00000000ae800000)
AC   0  F    TS     0 PTAMS 0x00000000ae800000 NTAMS 0x00000000ae800000 space 1024K,   0% used [0x00000000ae800000, 0x00000000ae900000)
AC   0  F    TS     0 PTAMS 0x00000000ae900000 NTAMS 0x00000000ae900000 space 1024K,   0% used [0x00000000ae900000, 0x00000000aea00000)
AC   0  F    TS     0 PTAMS 0x00000000aea00000 NTAMS 0x00000000aea00000 space 1024K,   0% used [0x00000000aea00000, 0x00000000aeb00000)
AC   0  F    TS     0 PTAMS 0x00000000aeb00000 NTAMS 0x00000000aeb00000 space 1024K,   0% used [0x00000000aeb00000, 0x00000000aec00000)
AC   0  F    TS     0 PTAMS 0x00000000aec00000 NTAMS 0x00000000aec00000 space 1024K,   0% used [0x00000000aec00000, 0x00000000aed00000)
AC   0  F    TS     0 PTAMS 0x00000000aed00000 NTAMS 0x00000000aed00000 space 1024K,   0% used [0x00000000aed00000, 0x00000000aee00000)
AC   0  F    TS     0 PTAMS 0x00000000aee00000 NTAMS 0x00000000aee00000 space 1024K,   0% used [0x00000000aee00000, 0x00000000aef00000)
AC   0  F    TS     0 PTAMS 0x00000000aef00000 NTAMS 0x00000000aef00000 space 1024K,   0% used [0x00000000aef00000, 0x00000000af000000)
AC   0  F    TS     0 PTAMS 0x00000000af000000 NTAMS 0x00000000af000000 space 1024K,   0% used [0x00000000af000000, 0x00000000af100000)
AC   0  F    TS     0 PTAMS 0x00000000af100000 NTAMS 0x00000000af100000 space 1024K,   0% used [0x00000000af100000, 0x00000000af200000)
AC   0  F    TS     0 PTAMS 0x00000000af200000 NTAMS 0x00000000af200000 space 1024K,   0% used [0x00000000af200000, 0x00000000af300000)
AC   0  F    TS     0 PTAMS 0x00000000af300000 NTAMS 0x00000000af300000 space 1024K,   0% used [0x00000000af300000, 0x00000000af400000)
AC   0  F    TS     0 PTAMS 0x00000000af400000 NTAMS 0x00000000af400000 space 1024K,   0% used [0x00000000af400000, 0x00000000af500000)
AC   0  F    TS     0 PTAMS 0x00000000af500000 NTAMS 0x00000000af500000 space 1024K,   0% used [0x00000000af500000, 0x00000000af600000)
AC   0  F    TS     0 PTAMS 0x00000000af600000 NTAMS 0x00000000af600000 space 1024K,   0% used [0x00000000af600000, 0x00000000af700000)
AC   0  F    TS     0 PTAMS 0x00000000af700000 NTAMS 0x00000000af700000 space 1024K,   0% used [0x00000000af700000, 0x00000000af800000)
AC   0  F    TS     0 PTAMS 0x00000000af800000 NTAMS 0x00000000af800000 space 1024K,   0% used [0x00000000af800000, 0x00000000af900000)
AC   0  F    TS     0 PTAMS 0x00000000af900000 NTAMS 0x00000000af900000 space 1024K,   0% used [0x00000000af900000, 0x00000000afa00000)
AC   0  F    TS     0 PTAMS 0x00000000afa00000 NTAMS 0x00000000afa00000 space 1024K,   0% used [0x00000000afa00000, 0x00000000afb00000)
AC   0  F    TS     0 PTAMS 0x00000000afb00000 NTAMS 0x00000000afb00000 space 1024K,   0% used [0x00000000afb00000, 0x00000000afc00000)
AC   0  F    TS     0 PTAMS 0x00000000afc00000 NTAMS 0x00000000afc00000 space 1024K,   0% used [0x00000000afc00000, 0x00000000afd00000)
AC   0  F    TS     0 PTAMS 0x00000000afd00000 NTAMS 0x00000000afd00000 space 1024K,   0% used [0x00000000afd00000, 0x00000000afe00000)
AC   0  F    TS     0 PTAMS 0x00000000afe00000 NTAMS 0x00000000afe00000 space 1024K,   0% used [0x00000000afe00000, 0x00000000aff00000)
AC   0  F    TS     0 PTAMS 0x00000000aff00000 NTAMS 0x00000000aff00000 space 1024K,   0% used [0x00000000aff00000, 0x00000000b0000000)
AC   0  F    TS     0 PTAMS 0x00000000b0000000 NTAMS 0x00000000b0000000 space 1024K,   0% used [0x00000000b0000000, 0x00000000b0100000)
AC   0  F    TS     0 PTAMS 0x00000000b0100000 NTAMS 0x00000000b0100000 space 1024K,   0% used [0x00000000b0100000, 0x00000000b0200000)
AC   0  F    TS     1 PTAMS 0x00000000b0200000 NTAMS 0x00000000b0200000 space 1024K,   0% used [0x00000000b0200000, 0x00000000b0300000)
AC   0  F    TS     1 PTAMS 0x00000000b0300000 NTAMS 0x00000000b0300000 space 1024K,   0% used [0x00000000b0300000, 0x00000000b0400000)
AC   0  F    TS     1 PTAMS 0x00000000b0400000 NTAMS 0x00000000b0400000 space 1024K,   0% used [0x00000000b0400000, 0x00000000b0500000)
AC   0  F    TS     1 PTAMS 0x00000000b0500000 NTAMS 0x00000000b0500000 space 1024K,   0% used [0x00000000b0500000, 0x00000000b0600000)
AC   0  F    TS     1 PTAMS 0x00000000b0600000 NTAMS 0x00000000b0600000 space 1024K,   0% used [0x00000000b0600000, 0x00000000b0700000)
AC   0  F    TS     1 PTAMS 0x00000000b0700000 NTAMS 0x00000000b0700000 space 1024K,   0% used [0x00000000b0700000, 0x00000000b0800000)
AC   0  F    TS     1 PTAMS 0x00000000b0800000 NTAMS 0x00000000b0800000 space 1024K,   0% used [0x00000000b0800000, 0x00000000b0900000)
AC   0  F    TS     1 PTAMS 0x00000000b0900000 NTAMS 0x00000000b0900000 space 1024K,   0% used [0x00000000b0900000, 0x00000000b0a00000)
AC   0  F    TS     1 PTAMS 0x00000000b0a00000 NTAMS 0x00000000b0a00000 space 1024K,   0% used [0x00000000b0a00000, 0x00000000b0b00000)
AC   0  F    TS     1 PTAMS 0x00000000b0b00000 NTAMS 0x00000000b0b00000 space 1024K,   0% used [0x00000000b0b00000, 0x00000000b0c00000)
AC   0  F    TS     1 PTAMS 0x00000000b0c00000 NTAMS 0x00000000b0c00000 space 1024K,   0% used [0x00000000b0c00000, 0x00000000b0d00000)
AC   0  F    TS     1 PTAMS 0x00000000b0d00000 NTAMS 0x00000000b0d00000 space 1024K,   0% used [0x00000000b0d00000, 0x00000000b0e00000)
AC   0  F    TS     1 PTAMS 0x00000000b0e00000 NTAMS 0x00000000b0e00000 space 1024K,   0% used [0x00000000b0e00000, 0x00000000b0f00000)
AC   0  F    TS     0 PTAMS 0x00000000b0f00000 NTAMS 0x00000000b0f00000 space 1024K,   0% used [0x00000000b0f00000, 0x00000000b1000000)
AC   0  F    TS     0 PTAMS 0x00000000b1000000 NTAMS 0x00000000b1000000 space 1024K,   0% used [0x00000000b1000000, 0x00000000b1100000)
AC   0  F    TS     0 PTAMS 0x00000000b1100000 NTAMS 0x00000000b1100000 space 1024K,   0% used [0x00000000b1100000, 0x00000000b1200000)
AC   0  F    TS     0 PTAMS 0x00000000b1200000 NTAMS 0x00000000b1200000 space 1024K,   0% used [0x00000000b1200000, 0x00000000b1300000)
AC   0  F    TS     0 PTAMS 0x00000000b1300000 NTAMS 0x00000000b1300000 space 1024K,   0% used [0x00000000b1300000, 0x00000000b1400000)
AC   0  F    TS     0 PTAMS 0x00000000b1400000 NTAMS 0x00000000b1400000 space 1024K,   0% used [0x00000000b1400000, 0x00000000b1500000)
AC   0  F    TS     0 PTAMS 0x00000000b1500000 NTAMS 0x00000000b1500000 space 1024K,   0% used [0x00000000b1500000, 0x00000000b1600000)
AC   0  F    TS     0 PTAMS 0x00000000b1600000 NTAMS 0x00000000b1600000 space 1024K,   0% used [0x00000000b1600000, 0x00000000b1700000)
AC   0  F    TS     0 PTAMS 0x00000000b1700000 NTAMS 0x00000000b1700000 space 1024K,   0% used [0x00000000b1700000, 0x00000000b1800000)
AC   0  F    TS     0 PTAMS 0x00000000b1800000 NTAMS 0x00000000b1800000 space 1024K,   0% used [0x00000000b1800000, 0x00000000b1900000)
AC   0  F    TS     0 PTAMS 0x00000000b1900000 NTAMS 0x00000000b1900000 space 1024K,   0% used [0x00000000b1900000, 0x00000000b1a00000)
AC   0  F    TS     0 PTAMS 0x00000000b1a00000 NTAMS 0x00000000b1a00000 space 1024K,   0% used [0x00000000b1a00000, 0x00000000b1b00000)
AC   0  F    TS     0 PTAMS 0x00000000b1b00000 NTAMS 0x00000000b1b00000 space 1024K,   0% used [0x00000000b1b00000, 0x00000000b1c00000)
AC   0  F    TS     0 PTAMS 0x00000000b1c00000 NTAMS 0x00000000b1c00000 space 1024K,   0% used [0x00000000b1c00000, 0x00000000b1d00000)
AC   0  F    TS     0 PTAMS 0x00000000b1d00000 NTAMS 0x00000000b1d00000 space 1024K,   0% used [0x00000000b1d00000, 0x00000000b1e00000)
AC   0  E    TS     0 PTAMS 0x00000000b1e00000 NTAMS 0x00000000b1e00000 space 1024K,  50% used [0x00000000b1e00000, 0x00000000b1f00000)
AC   0  E CS TS     0 PTAMS 0x00000000b1f00000 NTAMS 0x00000000b1f00000 space 1024K, 100% used [0x00000000b1f00000, 0x00000000b2000000)
AC   0  E CS TS     0 PTAMS 0x00000000b2000000 NTAMS 0x00000000b2000000 space 1024K, 100% used [0x00000000b2000000, 0x00000000b2100000)
AC   0  E CS TS     0 PTAMS 0x00000000b2100000 NTAMS 0x00000000b2100000 space 1024K, 100% used [0x00000000b2100000, 0x00000000b2200000)
AC   0  E CS TS     0 PTAMS 0x00000000b2200000 NTAMS 0x00000000b2200000 space 1024K, 100% used [0x00000000b2200000, 0x00000000b2300000)
AC   0  E CS TS     0 PTAMS 0x00000000b2300000 NTAMS 0x00000000b2300000 space 1024K, 100% used [0x00000000b2300000, 0x00000000b2400000)
AC   0  E CS TS     0 PTAMS 0x00000000b2400000 NTAMS 0x00000000b2400000 space 1024K, 100% used [0x00000000b2400000, 0x00000000b2500000)
AC   0  E CS TS     0 PTAMS 0x00000000b2500000 NTAMS 0x00000000b2500000 space 1024K, 100% used [0x00000000b2500000, 0x00000000b2600000)
AC   0  E CS TS     0 PTAMS 0x00000000b2600000 NTAMS 0x00000000b2600000 space 1024K, 100% used [0x00000000b2600000, 0x00000000b2700000)
AC   0  E CS TS     0 PTAMS 0x00000000b2700000 NTAMS 0x00000000b2700000 space 1024K, 100% used [0x00000000b2700000, 0x00000000b2800000)
AC   0  E CS TS     0 PTAMS 0x00000000b2800000 NTAMS 0x00000000b2800000 space 1024K, 100% used [0x00000000b2800000, 0x00000000b2900000)
AC   0  E CS TS     0 PTAMS 0x00000000b2900000 NTAMS 0x00000000b2900000 space 1024K, 100% used [0x00000000b2900000, 0x00000000b2a00000)
AC   0  E CS TS     0 PTAMS 0x00000000b2a00000 NTAMS 0x00000000b2a00000 space 1024K, 100% used [0x00000000b2a00000, 0x00000000b2b00000)
AC   0  E CS TS     0 PTAMS 0x00000000b2b00000 NTAMS 0x00000000b2b00000 space 1024K, 100% used [0x00000000b2b00000, 0x00000000b2c00000)
AC   0  E CS TS     0 PTAMS 0x00000000b2c00000 NTAMS 0x00000000b2c00000 space 1024K, 100% used [0x00000000b2c00000, 0x00000000b2d00000)
AC   0  E CS TS     0 PTAMS 0x00000000b2d00000 NTAMS 0x00000000b2d00000 space 1024K, 100% used [0x00000000b2d00000, 0x00000000b2e00000)
AC   0  E CS TS     0 PTAMS 0x00000000b2e00000 NTAMS 0x00000000b2e00000 space 1024K, 100% used [0x00000000b2e00000, 0x00000000b2f00000)
AC   0  E CS TS     0 PTAMS 0x00000000b2f00000 NTAMS 0x00000000b2f00000 space 1024K, 100% used [0x00000000b2f00000, 0x00000000b3000000)
AC   0  E CS TS     0 PTAMS 0x00000000b3000000 NTAMS 0x00000000b3000000 space 1024K, 100% used [0x00000000b3000000, 0x00000000b3100000)
AC   0  E CS TS     0 PTAMS 0x00000000b3100000 NTAMS 0x00000000b3100000 space 1024K, 100% used [0x00000000b3100000, 0x00000000b3200000)
AC   0  E CS TS     0 PTAMS 0x00000000b3200000 NTAMS 0x00000000b3200000 space 1024K, 100% used [0x00000000b3200000, 0x00000000b3300000)
AC   0  E CS TS     0 PTAMS 0x00000000b3300000 NTAMS 0x00000000b3300000 space 1024K, 100% used [0x00000000b3300000, 0x00000000b3400000)
AC   0  E CS TS     0 PTAMS 0x00000000b3400000 NTAMS 0x00000000b3400000 space 1024K, 100% used [0x00000000b3400000, 0x00000000b3500000)
AC   0  E CS TS     0 PTAMS 0x00000000b3500000 NTAMS 0x00000000b3500000 space 1024K, 100% used [0x00000000b3500000, 0x00000000b3600000)
AC   0  E CS TS     0 PTAMS 0x00000000b3600000 NTAMS 0x00000000b3600000 space 1024K, 100% used [0x00000000b3600000, 0x00000000b3700000)
AC   0  E CS TS     0 PTAMS 0x00000000b3700000 NTAMS 0x00000000b3700000 space 1024K, 100% used [0x00000000b3700000, 0x00000000b3800000)
AC   0  E CS TS     0 PTAMS 0x00000000b3800000 NTAMS 0x00000000b3800000 space 1024K, 100% used [0x00000000b3800000, 0x00000000b3900000)
AC   0  E CS TS     0 PTAMS 0x00000000b3900000 NTAMS 0x00000000b3900000 space 1024K, 100% used [0x00000000b3900000, 0x00000000b3a00000)
AC   0  E CS TS     0 PTAMS 0x00000000b3a00000 NTAMS 0x00000000b3a00000 space 1024K, 100% used [0x00000000b3a00000, 0x00000000b3b00000)
AC   0  E CS TS     0 PTAMS 0x00000000b3b00000 NTAMS 0x00000000b3b00000 space 1024K, 100% used [0x00000000b3b00000, 0x00000000b3c00000)
AC   0  E CS TS     0 PTAMS 0x00000000b3c00000 NTAMS 0x00000000b3c00000 space 1024K, 100% used [0x00000000b3c00000, 0x00000000b3d00000)
AC   0  E CS TS     0 PTAMS 0x00000000b3d00000 NTAMS 0x00000000b3d00000 space 1024K, 100% used [0x00000000b3d00000, 0x00000000b3e00000)
AC   0  E CS TS     0 PTAMS 0x00000000b3e00000 NTAMS 0x00000000b3e00000 space 1024K, 100% used [0x00000000b3e00000, 0x00000000b3f00000)
AC   0  E CS TS     0 PTAMS 0x00000000b3f00000 NTAMS 0x00000000b3f00000 space 1024K, 100% used [0x00000000b3f00000, 0x00000000b4000000)
AC   0  O    TS     0 PTAMS 0x00000000b4100000 NTAMS 0x00000000b4100000 space 1024K, 100% used [0x00000000b4000000, 0x00000000b4100000)
AC   0  E CS TS     0 PTAMS 0x00000000b4100000 NTAMS 0x00000000b4100000 space 1024K, 100% used [0x00000000b4100000, 0x00000000b4200000)
AC   0  E CS TS     0 PTAMS 0x00000000b4200000 NTAMS 0x00000000b4200000 space 1024K, 100% used [0x00000000b4200000, 0x00000000b4300000)
AC   0  E CS TS     0 PTAMS 0x00000000b4300000 NTAMS 0x00000000b4300000 space 1024K, 100% used [0x00000000b4300000, 0x00000000b4400000)
AC   0  E CS TS     0 PTAMS 0x00000000b4400000 NTAMS 0x00000000b4400000 space 1024K, 100% used [0x00000000b4400000, 0x00000000b4500000)
AC   0  E CS TS     0 PTAMS 0x00000000b4500000 NTAMS 0x00000000b4500000 space 1024K, 100% used [0x00000000b4500000, 0x00000000b4600000)
AC   0  E CS TS     0 PTAMS 0x00000000b4600000 NTAMS 0x00000000b4600000 space 1024K, 100% used [0x00000000b4600000, 0x00000000b4700000)
AC   0  E CS TS     0 PTAMS 0x00000000b4700000 NTAMS 0x00000000b4700000 space 1024K, 100% used [0x00000000b4700000, 0x00000000b4800000)
AC   0  E CS TS     0 PTAMS 0x00000000b4800000 NTAMS 0x00000000b4800000 space 1024K, 100% used [0x00000000b4800000, 0x00000000b4900000)
AC   0  E CS TS     0 PTAMS 0x00000000b4900000 NTAMS 0x00000000b4900000 space 1024K, 100% used [0x00000000b4900000, 0x00000000b4a00000)
AC   0  E CS TS     0 PTAMS 0x00000000b4a00000 NTAMS 0x00000000b4a00000 space 1024K, 100% used [0x00000000b4a00000, 0x00000000b4b00000)
AC   0  E CS TS     0 PTAMS 0x00000000b4b00000 NTAMS 0x00000000b4b00000 space 1024K, 100% used [0x00000000b4b00000, 0x00000000b4c00000)
AC   0  E CS TS     0 PTAMS 0x00000000b4c00000 NTAMS 0x00000000b4c00000 space 1024K, 100% used [0x00000000b4c00000, 0x00000000b4d00000)
AC   0  E CS TS     0 PTAMS 0x00000000b4d00000 NTAMS 0x00000000b4d00000 space 1024K, 100% used [0x00000000b4d00000, 0x00000000b4e00000)
AC   0  E CS TS     0 PTAMS 0x00000000b4e00000 NTAMS 0x00000000b4e00000 space 1024K, 100% used [0x00000000b4e00000, 0x00000000b4f00000)
AC   0  E CS TS     0 PTAMS 0x00000000b4f00000 NTAMS 0x00000000b4f00000 space 1024K, 100% used [0x00000000b4f00000, 0x00000000b5000000)
AC   0  E CS TS     0 PTAMS 0x00000000b5000000 NTAMS 0x00000000b5000000 space 1024K, 100% used [0x00000000b5000000, 0x00000000b5100000)
AC   0  E CS TS     0 PTAMS 0x00000000b5100000 NTAMS 0x00000000b5100000 space 1024K, 100% used [0x00000000b5100000, 0x00000000b5200000)
AC   0  E CS TS     0 PTAMS 0x00000000b5200000 NTAMS 0x00000000b5200000 space 1024K, 100% used [0x00000000b5200000, 0x00000000b5300000)
AC   0  E CS TS     0 PTAMS 0x00000000b5300000 NTAMS 0x00000000b5300000 space 1024K, 100% used [0x00000000b5300000, 0x00000000b5400000)
AC   0  E CS TS     0 PTAMS 0x00000000b5400000 NTAMS 0x00000000b5400000 space 1024K, 100% used [0x00000000b5400000, 0x00000000b5500000)
AC   0  E CS TS     0 PTAMS 0x00000000b5500000 NTAMS 0x00000000b5500000 space 1024K, 100% used [0x00000000b5500000, 0x00000000b5600000)
AC   0  E CS TS     0 PTAMS 0x00000000b5600000 NTAMS 0x00000000b5600000 space 1024K, 100% used [0x00000000b5600000, 0x00000000b5700000)
AC   0  E CS TS     0 PTAMS 0x00000000b5700000 NTAMS 0x00000000b5700000 space 1024K, 100% used [0x00000000b5700000, 0x00000000b5800000)
AC   0  E CS TS     0 PTAMS 0x00000000b5800000 NTAMS 0x00000000b5800000 space 1024K, 100% used [0x00000000b5800000, 0x00000000b5900000)
AC   0  E CS TS     0 PTAMS 0x00000000b5900000 NTAMS 0x00000000b5900000 space 1024K, 100% used [0x00000000b5900000, 0x00000000b5a00000)
AC   0  E CS TS     0 PTAMS 0x00000000b5a00000 NTAMS 0x00000000b5a00000 space 1024K, 100% used [0x00000000b5a00000, 0x00000000b5b00000)
AC   0  E CS TS     0 PTAMS 0x00000000b5b00000 NTAMS 0x00000000b5b00000 space 1024K, 100% used [0x00000000b5b00000, 0x00000000b5c00000)
AC   0  E CS TS     0 PTAMS 0x00000000b5c00000 NTAMS 0x00000000b5c00000 space 1024K, 100% used [0x00000000b5c00000, 0x00000000b5d00000)
AC   0  E CS TS     0 PTAMS 0x00000000b5d00000 NTAMS 0x00000000b5d00000 space 1024K, 100% used [0x00000000b5d00000, 0x00000000b5e00000)
AC   0  E CS TS     0 PTAMS 0x00000000b5e00000 NTAMS 0x00000000b5e00000 space 1024K, 100% used [0x00000000b5e00000, 0x00000000b5f00000)
AC   0  E CS TS     0 PTAMS 0x00000000b5f00000 NTAMS 0x00000000b5f00000 space 1024K, 100% used [0x00000000b5f00000, 0x00000000b6000000)
AC   0  E CS TS     0 PTAMS 0x00000000b6000000 NTAMS 0x00000000b6000000 space 1024K, 100% used [0x00000000b6000000, 0x00000000b6100000)
AC   0  E CS TS     0 PTAMS 0x00000000b6100000 NTAMS 0x00000000b6100000 space 1024K, 100% used [0x00000000b6100000, 0x00000000b6200000)
AC   0  E CS TS     0 PTAMS 0x00000000b6200000 NTAMS 0x00000000b6200000 space 1024K, 100% used [0x00000000b6200000, 0x00000000b6300000)
AC   0  E CS TS     0 PTAMS 0x00000000b6300000 NTAMS 0x00000000b6300000 space 1024K, 100% used [0x00000000b6300000, 0x00000000b6400000)
AC   0  E CS TS     0 PTAMS 0x00000000b6400000 NTAMS 0x00000000b6400000 space 1024K, 100% used [0x00000000b6400000, 0x00000000b6500000)
AC   0  E CS TS     0 PTAMS 0x00000000b6500000 NTAMS 0x00000000b6500000 space 1024K, 100% used [0x00000000b6500000, 0x00000000b6600000)
AC   0  E CS TS     0 PTAMS 0x00000000b6600000 NTAMS 0x00000000b6600000 space 1024K, 100% used [0x00000000b6600000, 0x00000000b6700000)
AC   0  E CS TS     0 PTAMS 0x00000000b6700000 NTAMS 0x00000000b6700000 space 1024K, 100% used [0x00000000b6700000, 0x00000000b6800000)
AC   0  E CS TS     0 PTAMS 0x00000000b6800000 NTAMS 0x00000000b6800000 space 1024K, 100% used [0x00000000b6800000, 0x00000000b6900000)
AC   0  E CS TS     0 PTAMS 0x00000000b6900000 NTAMS 0x00000000b6900000 space 1024K, 100% used [0x00000000b6900000, 0x00000000b6a00000)
AC   0  E CS TS     0 PTAMS 0x00000000b6a00000 NTAMS 0x00000000b6a00000 space 1024K, 100% used [0x00000000b6a00000, 0x00000000b6b00000)
AC   0  E CS TS     0 PTAMS 0x00000000b6b00000 NTAMS 0x00000000b6b00000 space 1024K, 100% used [0x00000000b6b00000, 0x00000000b6c00000)
AC   0  E CS TS     0 PTAMS 0x00000000b6c00000 NTAMS 0x00000000b6c00000 space 1024K, 100% used [0x00000000b6c00000, 0x00000000b6d00000)
AC   0  E CS TS     0 PTAMS 0x00000000b6d00000 NTAMS 0x00000000b6d00000 space 1024K, 100% used [0x00000000b6d00000, 0x00000000b6e00000)
AC   0  E CS TS     0 PTAMS 0x00000000b6e00000 NTAMS 0x00000000b6e00000 space 1024K, 100% used [0x00000000b6e00000, 0x00000000b6f00000)
AC   0  E CS TS     0 PTAMS 0x00000000b6f00000 NTAMS 0x00000000b6f00000 space 1024K, 100% used [0x00000000b6f00000, 0x00000000b7000000)
AC   0  E CS TS     3 PTAMS 0x00000000b7000000 NTAMS 0x00000000b7000000 space 1024K, 100% used [0x00000000b7000000, 0x00000000b7100000)
AC   0  E CS TS     3 PTAMS 0x00000000b7100000 NTAMS 0x00000000b7100000 space 1024K, 100% used [0x00000000b7100000, 0x00000000b7200000)
AC   0  E CS TS     0 PTAMS 0x00000000b7200000 NTAMS 0x00000000b7200000 space 1024K, 100% used [0x00000000b7200000, 0x00000000b7300000)
AC   0  E CS TS     0 PTAMS 0x00000000b7300000 NTAMS 0x00000000b7300000 space 1024K, 100% used [0x00000000b7300000, 0x00000000b7400000)
AC   0  E CS TS     0 PTAMS 0x00000000b7400000 NTAMS 0x00000000b7400000 space 1024K, 100% used [0x00000000b7400000, 0x00000000b7500000)
AC   0  E CS TS     0 PTAMS 0x00000000b7500000 NTAMS 0x00000000b7500000 space 1024K, 100% used [0x00000000b7500000, 0x00000000b7600000)
AC   0  E CS TS     0 PTAMS 0x00000000b7600000 NTAMS 0x00000000b7600000 space 1024K, 100% used [0x00000000b7600000, 0x00000000b7700000)

Card table byte_map: [0x0000000012f10000,0x0000000013210000] byte_map_base: 0x0000000012a10000

Marking Bits (Prev, Next): (CMBitMap*) 0x00000000022f9bd8, (CMBitMap*) 0x00000000022f9c30
 Prev Bits: [0x0000000013510000, 0x0000000014d10000)
 Next Bits: [0x0000000014d10000, 0x0000000016510000)

Polling page: 0x0000000000320000

CodeCache: size=245760Kb used=57996Kb max_used=58313Kb free=187764Kb
 bounds [0x0000000002380000, 0x0000000005ce0000, 0x0000000011380000]
 total_blobs=16127 nmethods=15268 adapters=766
 compilation: enabled

Compilation events (10 events):
Event: 2584.963 Thread 0x00000000199bf000 nmethod 20279 0x0000000002896c50 code [0x0000000002896e20, 0x00000000028975a8]
Event: 2584.963 Thread 0x00000000199bf000 20280       3       com.google.gson.internal.ConstructorConstructor::newDefaultImplementationConstructor (206 bytes)
Event: 2585.090 Thread 0x00000000199bf000 nmethod 20280 0x000000000471fa10 code [0x000000000471fd60, 0x0000000004721458]
Event: 2586.076 Thread 0x00000000199bf000 20281       3       org.eclipse.swt.widgets.Control::removeMouseMoveListener (31 bytes)
Event: 2586.087 Thread 0x00000000199bf000 nmethod 20281 0x00000000052937d0 code [0x0000000005293980, 0x0000000005293e68]
Event: 2586.840 Thread 0x00000000199bf000 20282       3       org.eclipse.swt.widgets.Composite::WM_PRINTCLIENT (279 bytes)
Event: 2586.842 Thread 0x00000000199bf000 nmethod 20282 0x00000000059059d0 code [0x0000000005905d80, 0x0000000005907eb8]
Event: 2588.041 Thread 0x0000000019985000 20283       4       org.eclipse.swt.internal.win32.OS::GetWindowLong (12 bytes)
Event: 2588.041 Thread 0x0000000019985000 nmethod 20283 0x000000000429ae50 code [0x000000000429afa0, 0x000000000429b008]
Event: 2590.322 Thread 0x000000001998e000 20284       4       com.sigasi.hdt.vhdl.flow.e::visitInvocationPathElement (136 bytes)

GC Heap History (10 events):
Event: 2199.151 GC heap before
{Heap before GC invocations=70 (full 0):
 garbage-first heap   total 384000K, used 319549K [0x00000000a0000000, 0x00000000a0100bb8, 0x0000000100000000)
  region size 1024K, 175 young (179200K), 24 survivors (24576K)
 Metaspace       used 105164K, capacity 115378K, committed 115528K, reserved 1150976K
  class space    used 11876K, capacity 14647K, committed 14664K, reserved 1048576K
Event: 2199.180 GC heap after
Heap after GC invocations=71 (full 0):
 garbage-first heap   total 384000K, used 200192K [0x00000000a0000000, 0x00000000a0100bb8, 0x0000000100000000)
  region size 1024K, 22 young (22528K), 22 survivors (22528K)
 Metaspace       used 105164K, capacity 115378K, committed 115528K, reserved 1150976K
  class space    used 11876K, capacity 14647K, committed 14664K, reserved 1048576K
}
Event: 2258.600 GC heap before
{Heap before GC invocations=71 (full 0):
 garbage-first heap   total 384000K, used 322048K [0x00000000a0000000, 0x00000000a0100bb8, 0x0000000100000000)
  region size 1024K, 141 young (144384K), 22 survivors (22528K)
 Metaspace       used 106014K, capacity 116188K, committed 116296K, reserved 1150976K
  class space    used 11911K, capacity 14656K, committed 14664K, reserved 1048576K
Event: 2258.626 GC heap after
Heap after GC invocations=72 (full 0):
 garbage-first heap   total 384000K, used 220733K [0x00000000a0000000, 0x00000000a0100bb8, 0x0000000100000000)
  region size 1024K, 18 young (18432K), 18 survivors (18432K)
 Metaspace       used 106014K, capacity 116188K, committed 116296K, reserved 1150976K
  class space    used 11911K, capacity 14656K, committed 14664K, reserved 1048576K
}
Event: 2288.288 GC heap before
{Heap before GC invocations=73 (full 0):
 garbage-first heap   total 384000K, used 257597K [0x00000000a0000000, 0x00000000a0100bb8, 0x0000000100000000)
  region size 1024K, 121 young (123904K), 18 survivors (18432K)
 Metaspace       used 106082K, capacity 116286K, committed 116552K, reserved 1150976K
  class space    used 11908K, capacity 14651K, committed 14664K, reserved 1048576K
Event: 2288.301 GC heap after
Heap after GC invocations=74 (full 0):
 garbage-first heap   total 384000K, used 146493K [0x00000000a0000000, 0x00000000a0100bb8, 0x0000000100000000)
  region size 1024K, 13 young (13312K), 13 survivors (13312K)
 Metaspace       used 106082K, capacity 116286K, committed 116552K, reserved 1150976K
  class space    used 11908K, capacity 14651K, committed 14664K, reserved 1048576K
}
Event: 2288.633 GC heap before
{Heap before GC invocations=74 (full 0):
 garbage-first heap   total 384000K, used 151613K [0x00000000a0000000, 0x00000000a0100bb8, 0x0000000100000000)
  region size 1024K, 18 young (18432K), 13 survivors (13312K)
 Metaspace       used 106089K, capacity 116286K, committed 116552K, reserved 1150976K
  class space    used 11908K, capacity 14651K, committed 14664K, reserved 1048576K
Event: 2288.648 GC heap after
Heap after GC invocations=75 (full 0):
 garbage-first heap   total 384000K, used 137111K [0x00000000a0000000, 0x00000000a0100bb8, 0x0000000100000000)
  region size 1024K, 2 young (2048K), 2 survivors (2048K)
 Metaspace       used 106089K, capacity 116286K, committed 116552K, reserved 1150976K
  class space    used 11908K, capacity 14651K, committed 14664K, reserved 1048576K
}
Event: 2393.238 GC heap before
{Heap before GC invocations=75 (full 0):
 garbage-first heap   total 384000K, used 318359K [0x00000000a0000000, 0x00000000a0100bb8, 0x0000000100000000)
  region size 1024K, 179 young (183296K), 2 survivors (2048K)
 Metaspace       used 106254K, capacity 116510K, committed 116680K, reserved 1150976K
  class space    used 11911K, capacity 14683K, committed 14792K, reserved 1048576K
Event: 2393.260 GC heap after
Heap after GC invocations=76 (full 0):
 garbage-first heap   total 384000K, used 161280K [0x00000000a0000000, 0x00000000a0100bb8, 0x0000000100000000)
  region size 1024K, 23 young (23552K), 23 survivors (23552K)
 Metaspace       used 106254K, capacity 116510K, committed 116680K, reserved 1150976K
  class space    used 11911K, capacity 14683K, committed 14792K, reserved 1048576K
}

Deoptimization events (10 events):
Event: 2347.400 Thread 0x000000001c232800 Uncommon trap: reason=unstable_if action=reinterpret pc=0x00000000045c1868 method=com.sigasi.hdt.vhdl.vhdl.impl.InvocationPathElementImpl.eIsSet(I)Z @ 39
Event: 2347.405 Thread 0x000000001c232800 Uncommon trap: reason=unstable_if action=reinterpret pc=0x0000000004fed46c method=com.sigasi.hdt.vhdl.types.resolution.ExpressionResolverImpl.a(Lcom/sigasi/hdt/vhdl/vhdl/InvocationPathElement;Lcom/sigasi/hdt/vhdl/newscoping/Scope;Lcom/sigasi/hdt/vhdl/type
Event: 2347.418 Thread 0x000000001f05b800 Uncommon trap: reason=unstable_if action=reinterpret pc=0x0000000005587620 method=com.sigasi.hdt.vhdl.effectanalysis.staticpath.StaticPathAnalyzer.a(Lcom/sigasi/hdt/vhdl/vhdl/MetaExpression;Ljava/util/Set;)Lcom/sigasi/hdt/vhdl/effectanalysis/staticpath/Pa
Event: 2393.104 Thread 0x00000000022b8000 Uncommon trap: reason=bimorphic action=maybe_recompile pc=0x000000000504cc9c method=org.eclipse.swt.widgets.Control.windowProc(JIJJ)J @ 1222
Event: 2416.875 Thread 0x00000000022b8000 Uncommon trap: reason=unstable_if action=reinterpret pc=0x0000000004657c38 method=org.eclipse.osgi.internal.loader.BundleLoader.findResource(Ljava/lang/String;)Ljava/net/URL; @ 233
Event: 2516.615 Thread 0x00000000022b8000 Uncommon trap: reason=unstable_if action=reinterpret pc=0x0000000005725b04 method=org.eclipse.swt.graphics.GC.win32_new(JLorg/eclipse/swt/graphics/GCData;)Lorg/eclipse/swt/graphics/GC; @ 37
Event: 2528.983 Thread 0x00000000022b8000 Uncommon trap: reason=unloaded action=reinterpret pc=0x00000000042d304c method=org.eclipse.swt.widgets.EventTable.sendEvent(Lorg/eclipse/swt/widgets/Event;)V @ 222
Event: 2552.658 Thread 0x00000000022b8000 Uncommon trap: reason=unstable_if action=reinterpret pc=0x0000000004b18ae0 method=java.util.regex.Pattern.append(II)V @ 6
Event: 2552.793 Thread 0x00000000022b8000 Uncommon trap: reason=unstable_if action=reinterpret pc=0x000000000350061c method=java.lang.Throwable.getOurStackTrace()[Ljava/lang/StackTraceElement; @ 7
Event: 2568.195 Thread 0x00000000022b8000 Uncommon trap: reason=unstable_if action=reinterpret pc=0x00000000056f2604 method=org.eclipse.swt.custom.StyledTextRenderer.updateRanges(III)V @ 370

Internal exceptions (10 events):
Event: 2348.558 Thread 0x000000001c232800 Exception <a 'java/io/IOException'> (0x00000000ae4e8220) thrown at [C:\re\workspace\8-2-build-windows-amd64-cygwin\jdk8u144\9417\hotspot\src\share\vm\prims\jni.cpp, line 709]
Event: 2352.708 Thread 0x00000000022b8000 Exception <a 'sun/nio/fs/WindowsException'> (0x00000000adc0c060) thrown at [C:\re\workspace\8-2-build-windows-amd64-cygwin\jdk8u144\9417\hotspot\src\share\vm\prims\jni.cpp, line 709]
Event: 2423.926 Thread 0x000000001bf90800 Exception <a 'java/io/IOException'> (0x00000000b54819c0) thrown at [C:\re\workspace\8-2-build-windows-amd64-cygwin\jdk8u144\9417\hotspot\src\share\vm\prims\jni.cpp, line 709]
Event: 2427.106 Thread 0x000000001f05b800 Exception <a 'java/io/IOException'> (0x00000000b4eb9060) thrown at [C:\re\workspace\8-2-build-windows-amd64-cygwin\jdk8u144\9417\hotspot\src\share\vm\prims\jni.cpp, line 709]
Event: 2437.979 Thread 0x00000000022b8000 Exception <a 'sun/nio/fs/WindowsException'> (0x00000000b4f1cd40) thrown at [C:\re\workspace\8-2-build-windows-amd64-cygwin\jdk8u144\9417\hotspot\src\share\vm\prims\jni.cpp, line 709]
Event: 2508.530 Thread 0x000000001c231000 Exception <a 'java/io/IOException'> (0x00000000b3c58958) thrown at [C:\re\workspace\8-2-build-windows-amd64-cygwin\jdk8u144\9417\hotspot\src\share\vm\prims\jni.cpp, line 709]
Event: 2526.811 Thread 0x000000001c231800 Exception <a 'sun/nio/fs/WindowsException'> (0x00000000b36a1468) thrown at [C:\re\workspace\8-2-build-windows-amd64-cygwin\jdk8u144\9417\hotspot\src\share\vm\prims\jni.cpp, line 709]
Event: 2564.866 Thread 0x000000001c232800 Exception <a 'java/io/IOException'> (0x00000000b312dad8) thrown at [C:\re\workspace\8-2-build-windows-amd64-cygwin\jdk8u144\9417\hotspot\src\share\vm\prims\jni.cpp, line 709]
Event: 2577.487 Thread 0x000000001c231800 Exception <a 'java/io/IOException'> (0x00000000b2aef9a8) thrown at [C:\re\workspace\8-2-build-windows-amd64-cygwin\jdk8u144\9417\hotspot\src\share\vm\prims\jni.cpp, line 709]
Event: 2579.752 Thread 0x00000000022b8000 Exception <a 'sun/nio/fs/WindowsException'> (0x00000000b2b5f868) thrown at [C:\re\workspace\8-2-build-windows-amd64-cygwin\jdk8u144\9417\hotspot\src\share\vm\prims\jni.cpp, line 709]

Events (10 events):
Event: 2582.507 Thread 0x000000001998e000 flushing nmethod 0x0000000005835090
Event: 2582.543 Thread 0x000000001998e000 flushing nmethod 0x0000000005905410
Event: 2582.591 Thread 0x000000001998e000 flushing nmethod 0x0000000005ad7d50
Event: 2582.591 Thread 0x000000001998e000 flushing nmethod 0x0000000005ad8110
Event: 2582.935 Executing VM operation: RevokeBias
Event: 2583.112 Executing VM operation: RevokeBias done
Event: 2583.246 Executing VM operation: RevokeBias
Event: 2583.358 Executing VM operation: RevokeBias done
Event: 2584.848 Executing VM operation: RevokeBias
Event: 2584.951 Executing VM operation: RevokeBias done


Dynamic libraries:
0x000000013fb40000 - 0x000000013fbaa000 	C:\Users\TheeYo\Downloads\sigasi\sigasi.exe
0x0000000077230000 - 0x00000000773cf000 	C:\Windows\SYSTEM32\ntdll.dll
0x000007fef3380000 - 0x000007fef3394000 	C:\Program Files (x86)\AVG\Antivirus\x64\aswhooka.dll
0x0000000077010000 - 0x000000007712f000 	C:\Windows\system32\kernel32.dll
0x000007fefd030000 - 0x000007fefd09a000 	C:\Windows\system32\KERNELBASE.dll
0x0000000077130000 - 0x000000007722a000 	C:\Windows\system32\USER32.dll
0x000007fefd770000 - 0x000007fefd7d7000 	C:\Windows\system32\GDI32.dll
0x000007fefe3c0000 - 0x000007fefe3ce000 	C:\Windows\system32\LPK.dll
0x000007fefdf00000 - 0x000007fefdfcb000 	C:\Windows\system32\USP10.dll
0x000007fefd140000 - 0x000007fefd1df000 	C:\Windows\system32\msvcrt.dll
0x000007fefb3e0000 - 0x000007fefb5d4000 	C:\Windows\WinSxS\amd64_microsoft.windows.common-controls_6595b64144ccf1df_6.0.7601.18837_none_fa3b1e3d17594757\COMCTL32.dll
0x000007fefde20000 - 0x000007fefde91000 	C:\Windows\system32\SHLWAPI.dll
0x000007fefe390000 - 0x000007fefe3be000 	C:\Windows\system32\IMM32.DLL
0x000007fefe3d0000 - 0x000007fefe4d9000 	C:\Windows\system32\MSCTF.dll
0x000007fefa4e0000 - 0x000007fefa509000 	C:\Users\TheeYo\Downloads\sigasi\plugins\org.eclipse.equinox.launcher.win32.win32.x86_64_1.1.700.v20180518-1200\eclipse_1705.dll
0x000007feff290000 - 0x000007feff36b000 	C:\Windows\system32\ADVAPI32.dll
0x000007fefd3e0000 - 0x000007fefd3ff000 	C:\Windows\SYSTEM32\sechost.dll
0x000007feff370000 - 0x000007feff49d000 	C:\Windows\system32\RPCRT4.dll
0x000007fefbe10000 - 0x000007fefbe1c000 	C:\Windows\system32\VERSION.dll
0x0000000063af0000 - 0x000000006438d000 	C:\Users\TheeYo\Downloads\sigasi\jre\bin\server\jvm.dll
0x000007fef5e60000 - 0x000007fef5e69000 	C:\Windows\system32\WSOCK32.dll
0x000007fefe260000 - 0x000007fefe2ad000 	C:\Windows\system32\WS2_32.dll
0x000007fefe1b0000 - 0x000007fefe1b8000 	C:\Windows\system32\NSI.dll
0x000007fefa870000 - 0x000007fefa8ab000 	C:\Windows\system32\WINMM.dll
0x00000000773e0000 - 0x00000000773e7000 	C:\Windows\system32\PSAPI.DLL
0x0000000071c70000 - 0x0000000071d42000 	C:\Windows\system32\MSVCR100.dll
0x00000000746b0000 - 0x00000000746bf000 	C:\Users\TheeYo\Downloads\sigasi\jre\bin\verify.dll
0x0000000071c40000 - 0x0000000071c69000 	C:\Users\TheeYo\Downloads\sigasi\jre\bin\java.dll
0x0000000071c20000 - 0x0000000071c36000 	C:\Users\TheeYo\Downloads\sigasi\jre\bin\zip.dll
0x000007fefe4e0000 - 0x000007feff26a000 	C:\Windows\system32\SHELL32.dll
0x000007fefd1e0000 - 0x000007fefd3df000 	C:\Windows\system32\ole32.dll
0x000007fefcd90000 - 0x000007fefcd9f000 	C:\Windows\system32\profapi.dll
0x000007fefc680000 - 0x000007fefc698000 	C:\Windows\system32\CRYPTSP.dll
0x000007fefc250000 - 0x000007fefc297000 	C:\Windows\system32\rsaenh.dll
0x000007fefcf20000 - 0x000007fefcf3f000 	C:\Windows\system32\USERENV.dll
0x000007fefcbe0000 - 0x000007fefcbef000 	C:\Windows\system32\CRYPTBASE.dll
0x0000000071be0000 - 0x0000000071bfa000 	C:\Users\TheeYo\Downloads\sigasi\jre\bin\net.dll
0x000007fefc450000 - 0x000007fefc4a5000 	C:\Windows\system32\mswsock.dll
0x000007fefc8c0000 - 0x000007fefc8c7000 	C:\Windows\System32\wship6.dll
0x000007fef99d0000 - 0x000007fef99f7000 	C:\Windows\system32\IPHLPAPI.DLL
0x000007fef99c0000 - 0x000007fef99cb000 	C:\Windows\system32\WINNSI.DLL
0x000007fef98a0000 - 0x000007fef98b1000 	C:\Windows\system32\dhcpcsvc6.DLL
0x000007fef9880000 - 0x000007fef9898000 	C:\Windows\system32\dhcpcsvc.DLL
0x0000000071bc0000 - 0x0000000071bd1000 	C:\Users\TheeYo\Downloads\sigasi\jre\bin\nio.dll
0x000007fefb310000 - 0x000007fefb366000 	C:\Windows\system32\uxtheme.dll
0x000007fefe2b0000 - 0x000007fefe38a000 	C:\Windows\system32\OLEAUT32.DLL
0x000007fef3430000 - 0x000007fef34d1000 	C:\Users\TheeYo\Downloads\sigasi\configuration\org.eclipse.osgi\249\0\.cp\swt-win32-4880.dll
0x000007fefd6d0000 - 0x000007fefd767000 	C:\Windows\system32\COMDLG32.dll
0x000007fef5fc0000 - 0x000007fef6031000 	C:\Windows\system32\WINSPOOL.DRV
0x000007fefd7e0000 - 0x000007fefdc8c000 	C:\Windows\system32\WININET.dll
0x000007fefcda0000 - 0x000007fefcda4000 	C:\Windows\system32\api-ms-win-downlevel-user32-l1-1-0.dll
0x000007fefcfe0000 - 0x000007fefcfe4000 	C:\Windows\system32\api-ms-win-downlevel-shlwapi-l1-1-0.dll
0x000007fefcf40000 - 0x000007fefcf44000 	C:\Windows\system32\api-ms-win-downlevel-version-l1-1-0.dll
0x000007fefcf90000 - 0x000007fefcf93000 	C:\Windows\system32\api-ms-win-downlevel-normaliz-l1-1-0.dll
0x00000000773d0000 - 0x00000000773d3000 	C:\Windows\system32\normaliz.DLL
0x000007fefd400000 - 0x000007fefd6ca000 	C:\Windows\system32\iertutil.dll
0x000007fefcf50000 - 0x000007fefcf55000 	C:\Windows\system32\api-ms-win-downlevel-advapi32-l1-1-0.dll
0x000007fefcdb0000 - 0x000007fefcf1d000 	C:\Windows\system32\CRYPT32.dll
0x000007fefcd80000 - 0x000007fefcd8f000 	C:\Windows\system32\MSASN1.dll
0x000007fefa560000 - 0x000007fefa563000 	C:\Windows\system32\api-ms-win-core-synch-l1-2-0.DLL
0x000007fefaf30000 - 0x000007fefaf48000 	C:\Windows\system32\dwmapi.dll
0x000007fefba10000 - 0x000007fefbb3c000 	C:\Windows\system32\propsys.dll
0x000007fefe1c0000 - 0x000007fefe259000 	C:\Windows\system32\CLBCatQ.DLL
0x000007fefa2b0000 - 0x000007fefa2d7000 	C:\Users\TheeYo\Downloads\sigasi\configuration\org.eclipse.osgi\249\0\.cp\swt-gdip-win32-4880.dll
0x000007fefb0f0000 - 0x000007fefb308000 	C:\Windows\WinSxS\amd64_microsoft.windows.gdiplus_6595b64144ccf1df_1.1.7601.24308_none_145557608b95e72f\gdiplus.dll
0x000007fefad80000 - 0x000007fefaee1000 	C:\Windows\system32\WindowsCodecs.dll
0x0000000180000000 - 0x0000000180012000 	C:\Users\TheeYo\Downloads\sigasi\configuration\org.eclipse.osgi\110\0\.cp\os\win32\x86_64\localfile_1_0_0.dll
0x000007fefa540000 - 0x000007fefa55b000 	C:\Users\TheeYo\Downloads\sigasi\configuration\org.eclipse.osgi\115\0\.cp\os\win32\x86_64\win32refresh.dll
0x000007fefa4c0000 - 0x000007fefa4d1000 	C:\Users\TheeYo\Downloads\sigasi\configuration\org.eclipse.osgi\113\0\.cp\jWinHttp-1.0.0.dll
0x000007fef8a90000 - 0x000007fef8b01000 	C:\Windows\system32\WINHTTP.dll
0x000007fef8a20000 - 0x000007fef8a85000 	C:\Windows\system32\webio.dll
0x000007feec3e0000 - 0x000007feec434000 	C:\Windows\system32\oleacc.dll
0x000007fefa8e0000 - 0x000007fefa8e7000 	C:\Windows\system32\msimg32.dll
0x000007feec8f0000 - 0x000007feec92b000 	C:\Windows\system32\mlang.dll
0x000007fefccd0000 - 0x000007fefcce4000 	C:\Windows\system32\RpcRtRemote.dll
0x0000000071b90000 - 0x0000000071bb4000 	C:\Users\TheeYo\Downloads\sigasi\jre\bin\sunec.dll
0x000007feefb30000 - 0x000007feefcfb000 	C:\Windows\system32\explorerframe.dll
0x000007fefafa0000 - 0x000007fefafe3000 	C:\Windows\system32\DUser.dll
0x000007fefaff0000 - 0x000007fefb0e2000 	C:\Windows\system32\DUI70.dll
0x0000000071c10000 - 0x0000000071c1d000 	C:\Users\TheeYo\Downloads\sigasi\jre\bin\management.dll
0x000007fefbee0000 - 0x000007fefbee7000 	C:\Windows\System32\wshtcpip.dll
0x000007fefc340000 - 0x000007fefc39b000 	C:\Windows\system32\DNSAPI.dll
0x000007fef78c0000 - 0x000007fef78ef000 	C:\Program Files\Common Files\Microsoft Shared\Windows Live\WLIDNSP.DLL
0x000007fef78b0000 - 0x000007fef78b8000 	C:\Windows\system32\rasadhlp.dll
0x000007fef97f0000 - 0x000007fef9843000 	C:\Windows\System32\fwpuclnt.dll
0x000007fefcb80000 - 0x000007fefcbd7000 	C:\Windows\system32\apphelp.dll
0x000007fef3190000 - 0x000007fef31c5000 	C:\Windows\system32\EhStorShell.dll
0x000007fefdfd0000 - 0x000007fefe1a7000 	C:\Windows\system32\SETUPAPI.dll
0x000007fefcfa0000 - 0x000007fefcfd6000 	C:\Windows\system32\CFGMGR32.dll
0x000007fefcf60000 - 0x000007fefcf7a000 	C:\Windows\system32\DEVOBJ.dll
0x000007fef2070000 - 0x000007fef207f000 	C:\Windows\system32\CSCAPI.dll
0x000007feeff50000 - 0x000007feeffd0000 	C:\Windows\system32\ntshrui.dll
0x000007fefca60000 - 0x000007fefca83000 	C:\Windows\system32\srvcli.dll
0x000007fefa620000 - 0x000007fefa62b000 	C:\Windows\system32\slc.dll
0x000007fefa640000 - 0x000007fefa655000 	C:\Windows\system32\NLAapi.dll
0x000007fef56e0000 - 0x000007fef56f5000 	C:\Windows\system32\napinsp.dll
0x000007fef56c0000 - 0x000007fef56d9000 	C:\Windows\system32\pnrpnsp.dll
0x000007fef56b0000 - 0x000007fef56bb000 	C:\Windows\System32\winrnr.dll
0x000007feec960000 - 0x000007feed7fa000 	C:\Windows\System32\ieframe.dll
0x000007fefa3a0000 - 0x000007fefa3a4000 	C:\Windows\System32\api-ms-win-downlevel-shell32-l1-1-0.dll
0x000007fef09d0000 - 0x000007fef09d4000 	C:\Windows\system32\api-ms-win-downlevel-shlwapi-l2-1-0.dll
0x000007fefdc90000 - 0x000007fefde18000 	C:\Windows\system32\urlmon.dll
0x000007fefcf80000 - 0x000007fefcf84000 	C:\Windows\system32\api-ms-win-downlevel-ole32-l1-1-0.dll
0x000007fefcbf0000 - 0x000007fefcc81000 	C:\Windows\system32\SXS.DLL
0x000007fecd2c0000 - 0x000007feceb55000 	C:\Windows\System32\mshtml.dll
0x000007fefcb00000 - 0x000007fefcb0b000 	C:\Windows\system32\Secur32.dll
0x000007fefcb50000 - 0x000007fefcb75000 	C:\Windows\system32\SSPICLI.DLL
0x000007fef2920000 - 0x000007fef2eac000 	C:\Windows\System32\jscript9.dll
0x000007fefc6e0000 - 0x000007fefc702000 	C:\Windows\System32\bcrypt.dll
0x000007fefb3d0000 - 0x000007fefb3d4000 	C:\Windows\system32\api-ms-win-downlevel-advapi32-l2-1-0.dll
0x000007fefbb40000 - 0x000007fefbb8b000 	C:\Windows\system32\MMDevAPI.DLL
0x000007fefa830000 - 0x000007fefa86b000 	C:\Windows\system32\wdmaud.drv
0x0000000074af0000 - 0x0000000074af6000 	C:\Windows\system32\ksuser.dll
0x000007fefba00000 - 0x000007fefba09000 	C:\Windows\system32\AVRT.dll
0x000007fefa7e0000 - 0x000007fefa82f000 	C:\Windows\system32\AUDIOSES.DLL
0x000007fefa7d0000 - 0x000007fefa7da000 	C:\Windows\system32\msacm32.drv
0x000007fefa7b0000 - 0x000007fefa7c8000 	C:\Windows\system32\MSACM32.dll
0x000007fefa7a0000 - 0x000007fefa7a9000 	C:\Windows\system32\midimap.dll
0x000007fef2580000 - 0x000007fef263b000 	C:\Windows\system32\uiautomationcore.dll
0x000007feee380000 - 0x000007feee744000 	C:\Windows\system32\d2d1.dll
0x000007feef1d0000 - 0x000007feef367000 	C:\Windows\system32\DWrite.dll
0x000007fef4900000 - 0x000007fef495d000 	C:\Windows\system32\dxgi.dll
0x000007fefcff0000 - 0x000007fefd02b000 	C:\Windows\system32\WINTRUST.dll
0x000007feefd00000 - 0x000007feefed5000 	C:\Windows\system32\d3d11.dll
0x000007fefad70000 - 0x000007fefad7e000 	C:\Windows\system32\msimtf.dll
0x0000000071880000 - 0x000000007188b000 	C:\Users\TheeYo\Downloads\sigasi\jre\bin\sunmscapi.dll
0x000007fed3330000 - 0x000007fed35a9000 	C:\Windows\system32\D3D10Warp.dll

VM Arguments:
jvm_args: -XX:+UseCompressedOops -Xverify:none -Dosgi.requiredJavaVersion=1.8 -Declipse.p2.max.threads=10 -XX:+UseG1GC -XX:+UseStringDeduplication -Xmx1536m 
java_command: <unknown>
java_class_path (initial): C:\Users\TheeYo\Downloads\sigasi\\plugins/org.eclipse.equinox.launcher_1.5.0.v20180512-1130.jar
Launcher Type: generic

Environment Variables:
PATH=C:/Users/TheeYo/Downloads/sigasi/jre/bin/server;C:/Users/TheeYo/Downloads/sigasi/jre/bin;C:/Users/TheeYo/Downloads/sigasi/jre/lib/amd64;c:\intelfpga_lite\18.1\quartus\bin64\;C:\Program Files\Common Files\Microsoft Shared\Windows Live;C:\Program Files (x86)\Common Files\Microsoft Shared\Windows Live;C:\Windows\system32;C:\Windows;C:\Windows\System32\Wbem;C:\Windows\System32\WindowsPowerShell\v1.0\;C:\Program Files (x86)\Windows Live\Shared;C:\Users\TheeYo\Documents\FPGA\DE1_oscilloscope;
USERNAME=TheeYo
OS=Windows_NT
PROCESSOR_IDENTIFIER=Intel64 Family 6 Model 42 Stepping 7, GenuineIntel



---------------  S Y S T E M  ---------------

OS: Windows 7 , 64 bit Build 7601 (6.1.7601.24308)

CPU:total 4 (initial active 4) (2 cores per cpu, 2 threads per core) family 6 model 42 stepping 7, cmov, cx8, fxsr, mmx, sse, sse2, sse3, ssse3, sse4.1, sse4.2, popcnt, avx, clmul, ht, tsc, tscinvbit

Memory: 4k page, physical 4076088k(160036k free), swap 6122188k(2956k free)

vm_info: Java HotSpot(TM) 64-Bit Server VM (25.144-b01) for windows-amd64 JRE (1.8.0_144-b01), built on Jul 21 2017 21:57:33 by "java_re" with MS VC++ 10.0 (VS2010)

time: Wed Jan 02 02:37:15 2019
elapsed time: 2596 seconds (0d 0h 43m 16s)

