#
# There is insufficient memory for the Java Runtime Environment to continue.
# Native memory allocation (malloc) failed to allocate 1068816 bytes for Chunk::new
# Possible reasons:
#   The system is out of physical RAM or swap space
#   In 32 bit mode, the process size limit was hit
# Possible solutions:
#   Reduce memory load on the system
#   Increase physical memory or swap space
#   Check if swap backing store is full
#   Use 64 bit Java on a 64 bit OS
#   Decrease Java heap size (-Xmx/-Xms)
#   Decrease number of Java threads
#   Decrease Java thread stack sizes (-Xss)
#   Set larger code cache with -XX:ReservedCodeCacheSize=
# This output file may be truncated or incomplete.
#
#  Out of Memory Error (allocation.cpp:390), pid=6120, tid=0x000000000000141c
#
# JRE version: Java(TM) SE Runtime Environment (8.0_144-b01) (build 1.8.0_144-b01)
# Java VM: Java HotSpot(TM) 64-Bit Server VM (25.144-b01 mixed mode windows-amd64 compressed oops)
# Failed to write core dump. Minidumps are not enabled by default on client versions of Windows
#

---------------  T H R E A D  ---------------

Current thread (0x000000001989e000):  JavaThread "C2 CompilerThread1" daemon [_thread_in_native, id=5148, stack(0x000000001a870000,0x000000001a970000)]

Stack: [0x000000001a870000,0x000000001a970000]
[error occurred during error reporting (printing stack bounds), id 0xc0000005]

Native frames: (J=compiled Java code, j=interpreted, Vv=VM code, C=native code)


Current CompileTask:
C2:3234775 22649   !   4       org.eclipse.jface.text.source.OverviewRuler::doPaint (711 bytes)


---------------  P R O C E S S  ---------------

Java Threads: ( => current thread )
  0x000000001fed8000 JavaThread "Worker-18" [_thread_blocked, id=3172, stack(0x0000000032390000,0x0000000032490000)]
  0x000000001feda000 JavaThread "pool-5-thread-2" [_thread_blocked, id=4400, stack(0x00000000274d0000,0x00000000275d0000)]
  0x000000001fed9000 JavaThread "pool-5-thread-1" [_thread_blocked, id=4236, stack(0x00000000246e0000,0x00000000247e0000)]
  0x000000001e93e000 JavaThread "Worker-17" [_thread_blocked, id=5176, stack(0x00000000271d0000,0x00000000272d0000)]
  0x000000001e940800 JavaThread "pool-8-thread-1" [_thread_blocked, id=5984, stack(0x0000000027360000,0x0000000027460000)]
  0x00000000206f0000 JavaThread "Provisioning Event Dispatcher" daemon [_thread_blocked, id=6092, stack(0x0000000023200000,0x0000000023300000)]
  0x00000000206eb000 JavaThread "pool-7-thread-1" [_thread_blocked, id=4556, stack(0x0000000028a60000,0x0000000028b60000)]
  0x00000000206ea000 JavaThread "pool-3-thread-1" [_thread_blocked, id=5612, stack(0x0000000028950000,0x0000000028a50000)]
  0x000000001e941000 JavaThread "Worker-12" [_thread_blocked, id=3076, stack(0x0000000027610000,0x0000000027710000)]
  0x000000001bd1e800 JavaThread "Worker-5" [_thread_blocked, id=5304, stack(0x0000000027bf0000,0x0000000027cf0000)]
  0x000000001bd1e000 JavaThread "Worker-4: Sigasi Runner listener" [_thread_in_native, id=6060, stack(0x0000000027a00000,0x0000000027b00000)]
  0x000000001bd1b800 JavaThread "EventAdmin Async Event Dispatcher Thread" daemon [_thread_blocked, id=728, stack(0x0000000027740000,0x0000000027840000)]
  0x000000001bd19800 JavaThread "pool-2-thread-1" [_thread_blocked, id=4156, stack(0x00000000225e0000,0x00000000226e0000)]
  0x000000001c3fa000 JavaThread "com.google.inject.internal.util.$Finalizer" daemon [_thread_blocked, id=5396, stack(0x0000000021240000,0x0000000021340000)]
  0x000000001eef0000 JavaThread "Bundle File Closer" daemon [_thread_blocked, id=4548, stack(0x0000000020e40000,0x0000000020f40000)]
  0x000000001bd8a000 JavaThread "EMF Reference Cleaner" daemon [_thread_blocked, id=5348, stack(0x000000001dff0000,0x000000001e0f0000)]
  0x000000001c077000 JavaThread "Gogo shell" [_thread_blocked, id=5216, stack(0x000000001cb20000,0x000000001cc20000)]
  0x000000001c047000 JavaThread "Worker-JM" [_thread_blocked, id=4168, stack(0x000000001cd60000,0x000000001ce60000)]
  0x000000001b116800 JavaThread "SCR Component Actor" daemon [_thread_blocked, id=348, stack(0x000000001cea0000,0x000000001cfa0000)]
  0x000000001af9a000 JavaThread "Framework Event Dispatcher: Equinox Container: 25203b7c-1395-4425-a165-573c20912bb0" daemon [_thread_blocked, id=2808, stack(0x000000001cc20000,0x000000001cd20000)]
  0x000000001b266800 JavaThread "Start Level: Equinox Container: 25203b7c-1395-4425-a165-573c20912bb0" daemon [_thread_blocked, id=4272, stack(0x000000001c880000,0x000000001c980000)]
  0x000000001be51000 JavaThread "Active Thread: Equinox Container: 25203b7c-1395-4425-a165-573c20912bb0" [_thread_blocked, id=5272, stack(0x000000001ca10000,0x000000001cb10000)]
  0x0000000019918000 JavaThread "Service Thread" daemon [_thread_blocked, id=5324, stack(0x000000001abd0000,0x000000001acd0000)]
  0x00000000198b7000 JavaThread "C1 CompilerThread2" daemon [_thread_blocked, id=2360, stack(0x000000001aa60000,0x000000001ab60000)]
=>0x000000001989e000 JavaThread "C2 CompilerThread1" daemon [_thread_in_native, id=5148, stack(0x000000001a870000,0x000000001a970000)]
  0x0000000019895000 JavaThread "C2 CompilerThread0" daemon [_thread_blocked, id=3260, stack(0x000000001a640000,0x000000001a740000)]
  0x0000000019894000 JavaThread "Attach Listener" daemon [_thread_blocked, id=6056, stack(0x000000001a3e0000,0x000000001a4e0000)]
  0x000000001988f000 JavaThread "Signal Dispatcher" daemon [_thread_blocked, id=5172, stack(0x000000001a240000,0x000000001a340000)]
  0x000000001988a800 JavaThread "Surrogate Locker Thread (Concurrent GC)" daemon [_thread_blocked, id=4408, stack(0x000000001a0e0000,0x000000001a1e0000)]
  0x0000000019874800 JavaThread "Finalizer" daemon [_thread_blocked, id=5232, stack(0x0000000019f20000,0x000000001a020000)]
  0x0000000019869000 JavaThread "Reference Handler" daemon [_thread_blocked, id=2656, stack(0x0000000019d40000,0x0000000019e40000)]
  0x0000000002218000 JavaThread "main" [_thread_in_native, id=3080, stack(0x00000000000f0000,0x00000000001f0000)]

Other Threads:
  0x0000000019825000 VMThread [stack: 0x0000000019b70000,0x0000000019c70000] [id=1888]
  0x0000000019921800 WatcherThread [stack: 0x000000001a540000,0x000000001a640000] [id=4492]

VM state:not at safepoint (normal execution)

VM Mutex/Monitor currently owned by a thread: None

Heap:
 garbage-first heap   total 395264K, used 256512K [0x00000000a0000000, 0x00000000a0100c10, 0x0000000100000000)
  region size 1024K, 78 young (79872K), 22 survivors (22528K)
 Metaspace       used 113987K, capacity 125280K, committed 125640K, reserved 1159168K
  class space    used 12897K, capacity 15968K, committed 16072K, reserved 1048576K

Heap Regions: (Y=young(eden), SU=young(survivor), HS=humongous(starts), HC=humongous(continues), CS=collection set, F=free, TS=gc time stamp, PTAMS=previous top-at-mark-start, NTAMS=next top-at-mark-start)
AC   0  O    TS     0 PTAMS 0x00000000a0100000 NTAMS 0x00000000a0100000 space 1024K, 100% used [0x00000000a0000000, 0x00000000a0100000)
AC   0  O    TS     0 PTAMS 0x00000000a0200000 NTAMS 0x00000000a0200000 space 1024K, 100% used [0x00000000a0100000, 0x00000000a0200000)
AC   0  O    TS     0 PTAMS 0x00000000a0300000 NTAMS 0x00000000a0300000 space 1024K, 100% used [0x00000000a0200000, 0x00000000a0300000)
AC   0  O    TS     0 PTAMS 0x00000000a0400000 NTAMS 0x00000000a0400000 space 1024K, 100% used [0x00000000a0300000, 0x00000000a0400000)
AC   0  O    TS     0 PTAMS 0x00000000a0500000 NTAMS 0x00000000a0500000 space 1024K, 100% used [0x00000000a0400000, 0x00000000a0500000)
AC   0  O    TS     0 PTAMS 0x00000000a0600000 NTAMS 0x00000000a0600000 space 1024K, 100% used [0x00000000a0500000, 0x00000000a0600000)
AC   0  O    TS     1 PTAMS 0x00000000a0600000 NTAMS 0x00000000a0600000 space 1024K, 100% used [0x00000000a0600000, 0x00000000a0700000)
AC   0  O    TS     0 PTAMS 0x00000000a0800000 NTAMS 0x00000000a0800000 space 1024K, 100% used [0x00000000a0700000, 0x00000000a0800000)
AC   0  O    TS     0 PTAMS 0x00000000a0900000 NTAMS 0x00000000a0900000 space 1024K, 100% used [0x00000000a0800000, 0x00000000a0900000)
AC   0  O    TS     0 PTAMS 0x00000000a0a00000 NTAMS 0x00000000a0a00000 space 1024K, 100% used [0x00000000a0900000, 0x00000000a0a00000)
AC   0  O    TS     0 PTAMS 0x00000000a0b00000 NTAMS 0x00000000a0b00000 space 1024K, 100% used [0x00000000a0a00000, 0x00000000a0b00000)
AC   0  O    TS     0 PTAMS 0x00000000a0c00000 NTAMS 0x00000000a0c00000 space 1024K, 100% used [0x00000000a0b00000, 0x00000000a0c00000)
AC   0  O    TS     0 PTAMS 0x00000000a0d00000 NTAMS 0x00000000a0d00000 space 1024K, 100% used [0x00000000a0c00000, 0x00000000a0d00000)
AC   0  O    TS     0 PTAMS 0x00000000a0e00000 NTAMS 0x00000000a0e00000 space 1024K, 100% used [0x00000000a0d00000, 0x00000000a0e00000)
AC   0  O    TS     0 PTAMS 0x00000000a0f00000 NTAMS 0x00000000a0f00000 space 1024K, 100% used [0x00000000a0e00000, 0x00000000a0f00000)
AC   0  O    TS     1 PTAMS 0x00000000a0f00000 NTAMS 0x00000000a0f00000 space 1024K, 100% used [0x00000000a0f00000, 0x00000000a1000000)
AC   0  O    TS     0 PTAMS 0x00000000a1100000 NTAMS 0x00000000a1100000 space 1024K, 100% used [0x00000000a1000000, 0x00000000a1100000)
AC   0  O    TS     0 PTAMS 0x00000000a1200000 NTAMS 0x00000000a1200000 space 1024K, 100% used [0x00000000a1100000, 0x00000000a1200000)
AC   0  O    TS     0 PTAMS 0x00000000a1300000 NTAMS 0x00000000a1300000 space 1024K, 100% used [0x00000000a1200000, 0x00000000a1300000)
AC   0  O    TS     0 PTAMS 0x00000000a1400000 NTAMS 0x00000000a1400000 space 1024K, 100% used [0x00000000a1300000, 0x00000000a1400000)
AC   0  O    TS     0 PTAMS 0x00000000a1500000 NTAMS 0x00000000a1500000 space 1024K, 100% used [0x00000000a1400000, 0x00000000a1500000)
AC   0  O    TS     0 PTAMS 0x00000000a1600000 NTAMS 0x00000000a1600000 space 1024K, 100% used [0x00000000a1500000, 0x00000000a1600000)
AC   0  O    TS     0 PTAMS 0x00000000a1700000 NTAMS 0x00000000a1700000 space 1024K, 100% used [0x00000000a1600000, 0x00000000a1700000)
AC   0  O    TS     0 PTAMS 0x00000000a1800000 NTAMS 0x00000000a1800000 space 1024K, 100% used [0x00000000a1700000, 0x00000000a1800000)
AC   0  O    TS     0 PTAMS 0x00000000a1900000 NTAMS 0x00000000a1900000 space 1024K, 100% used [0x00000000a1800000, 0x00000000a1900000)
AC   0  O    TS     1 PTAMS 0x00000000a1900000 NTAMS 0x00000000a1900000 space 1024K, 100% used [0x00000000a1900000, 0x00000000a1a00000)
AC   0  O    TS     0 PTAMS 0x00000000a1b00000 NTAMS 0x00000000a1b00000 space 1024K, 100% used [0x00000000a1a00000, 0x00000000a1b00000)
AC   0  O    TS     0 PTAMS 0x00000000a1c00000 NTAMS 0x00000000a1c00000 space 1024K, 100% used [0x00000000a1b00000, 0x00000000a1c00000)
AC   0  O    TS     0 PTAMS 0x00000000a1d00000 NTAMS 0x00000000a1d00000 space 1024K, 100% used [0x00000000a1c00000, 0x00000000a1d00000)
AC   0  O    TS     0 PTAMS 0x00000000a1e00000 NTAMS 0x00000000a1e00000 space 1024K, 100% used [0x00000000a1d00000, 0x00000000a1e00000)
AC   0  O    TS     0 PTAMS 0x00000000a1f00000 NTAMS 0x00000000a1f00000 space 1024K, 100% used [0x00000000a1e00000, 0x00000000a1f00000)
AC   0  O    TS     0 PTAMS 0x00000000a2000000 NTAMS 0x00000000a2000000 space 1024K, 100% used [0x00000000a1f00000, 0x00000000a2000000)
AC   0  O    TS     0 PTAMS 0x00000000a2100000 NTAMS 0x00000000a2100000 space 1024K, 100% used [0x00000000a2000000, 0x00000000a2100000)
AC   0  O    TS     1 PTAMS 0x00000000a2100000 NTAMS 0x00000000a2100000 space 1024K, 100% used [0x00000000a2100000, 0x00000000a2200000)
AC   0  O    TS     0 PTAMS 0x00000000a2300000 NTAMS 0x00000000a2300000 space 1024K, 100% used [0x00000000a2200000, 0x00000000a2300000)
AC   0  O    TS     0 PTAMS 0x00000000a2400000 NTAMS 0x00000000a2400000 space 1024K, 100% used [0x00000000a2300000, 0x00000000a2400000)
AC   0  O    TS     0 PTAMS 0x00000000a2500000 NTAMS 0x00000000a2500000 space 1024K, 100% used [0x00000000a2400000, 0x00000000a2500000)
AC   0  O    TS     0 PTAMS 0x00000000a2600000 NTAMS 0x00000000a2600000 space 1024K, 100% used [0x00000000a2500000, 0x00000000a2600000)
AC   0  O    TS     0 PTAMS 0x00000000a2700000 NTAMS 0x00000000a2700000 space 1024K, 100% used [0x00000000a2600000, 0x00000000a2700000)
AC   0  O    TS     0 PTAMS 0x00000000a2800000 NTAMS 0x00000000a2800000 space 1024K, 100% used [0x00000000a2700000, 0x00000000a2800000)
AC   0  O    TS     0 PTAMS 0x00000000a2900000 NTAMS 0x00000000a2900000 space 1024K, 100% used [0x00000000a2800000, 0x00000000a2900000)
AC   0  O    TS     1 PTAMS 0x00000000a2900000 NTAMS 0x00000000a2900000 space 1024K, 100% used [0x00000000a2900000, 0x00000000a2a00000)
AC   0  O    TS     0 PTAMS 0x00000000a2b00000 NTAMS 0x00000000a2b00000 space 1024K, 100% used [0x00000000a2a00000, 0x00000000a2b00000)
AC   0  O    TS     1 PTAMS 0x00000000a2b00000 NTAMS 0x00000000a2b00000 space 1024K, 100% used [0x00000000a2b00000, 0x00000000a2c00000)
AC   0  O    TS     0 PTAMS 0x00000000a2d00000 NTAMS 0x00000000a2d00000 space 1024K, 100% used [0x00000000a2c00000, 0x00000000a2d00000)
AC   0  O    TS     0 PTAMS 0x00000000a2e00000 NTAMS 0x00000000a2e00000 space 1024K, 100% used [0x00000000a2d00000, 0x00000000a2e00000)
AC   0  O    TS     0 PTAMS 0x00000000a2f00000 NTAMS 0x00000000a2f00000 space 1024K, 100% used [0x00000000a2e00000, 0x00000000a2f00000)
AC   0  O    TS     0 PTAMS 0x00000000a3000000 NTAMS 0x00000000a3000000 space 1024K, 100% used [0x00000000a2f00000, 0x00000000a3000000)
AC   0  O    TS     1 PTAMS 0x00000000a3000000 NTAMS 0x00000000a3000000 space 1024K, 100% used [0x00000000a3000000, 0x00000000a3100000)
AC   0  O    TS     0 PTAMS 0x00000000a3200000 NTAMS 0x00000000a3200000 space 1024K, 100% used [0x00000000a3100000, 0x00000000a3200000)
AC   0  O    TS     0 PTAMS 0x00000000a3300000 NTAMS 0x00000000a3300000 space 1024K, 100% used [0x00000000a3200000, 0x00000000a3300000)
AC   0  O    TS     0 PTAMS 0x00000000a3400000 NTAMS 0x00000000a3400000 space 1024K, 100% used [0x00000000a3300000, 0x00000000a3400000)
AC   0  O    TS     0 PTAMS 0x00000000a3500000 NTAMS 0x00000000a3500000 space 1024K, 100% used [0x00000000a3400000, 0x00000000a3500000)
AC   0  O    TS     0 PTAMS 0x00000000a3600000 NTAMS 0x00000000a3600000 space 1024K, 100% used [0x00000000a3500000, 0x00000000a3600000)
AC   0  O    TS     0 PTAMS 0x00000000a3700000 NTAMS 0x00000000a3700000 space 1024K, 100% used [0x00000000a3600000, 0x00000000a3700000)
AC   0  O    TS     0 PTAMS 0x00000000a3800000 NTAMS 0x00000000a3800000 space 1024K, 100% used [0x00000000a3700000, 0x00000000a3800000)
AC   0  O    TS     0 PTAMS 0x00000000a3900000 NTAMS 0x00000000a3900000 space 1024K, 100% used [0x00000000a3800000, 0x00000000a3900000)
AC   0  O    TS     0 PTAMS 0x00000000a3a00000 NTAMS 0x00000000a3a00000 space 1024K, 100% used [0x00000000a3900000, 0x00000000a3a00000)
AC   0  O    TS     0 PTAMS 0x00000000a3b00000 NTAMS 0x00000000a3b00000 space 1024K, 100% used [0x00000000a3a00000, 0x00000000a3b00000)
AC   0  O    TS     0 PTAMS 0x00000000a3c00000 NTAMS 0x00000000a3c00000 space 1024K, 100% used [0x00000000a3b00000, 0x00000000a3c00000)
AC   0  O    TS     0 PTAMS 0x00000000a3d00000 NTAMS 0x00000000a3d00000 space 1024K, 100% used [0x00000000a3c00000, 0x00000000a3d00000)
AC   0  O    TS     0 PTAMS 0x00000000a3e00000 NTAMS 0x00000000a3e00000 space 1024K, 100% used [0x00000000a3d00000, 0x00000000a3e00000)
AC   0  O    TS     0 PTAMS 0x00000000a3f00000 NTAMS 0x00000000a3f00000 space 1024K, 100% used [0x00000000a3e00000, 0x00000000a3f00000)
AC   0  O    TS     0 PTAMS 0x00000000a4000000 NTAMS 0x00000000a4000000 space 1024K, 100% used [0x00000000a3f00000, 0x00000000a4000000)
AC   0  O    TS     0 PTAMS 0x00000000a4100000 NTAMS 0x00000000a4100000 space 1024K, 100% used [0x00000000a4000000, 0x00000000a4100000)
AC   0  O    TS     0 PTAMS 0x00000000a4200000 NTAMS 0x00000000a4200000 space 1024K, 100% used [0x00000000a4100000, 0x00000000a4200000)
AC   0  O    TS     0 PTAMS 0x00000000a4300000 NTAMS 0x00000000a4300000 space 1024K, 100% used [0x00000000a4200000, 0x00000000a4300000)
AC   0  O    TS     0 PTAMS 0x00000000a4400000 NTAMS 0x00000000a4400000 space 1024K, 100% used [0x00000000a4300000, 0x00000000a4400000)
AC   0  O    TS     0 PTAMS 0x00000000a4500000 NTAMS 0x00000000a4500000 space 1024K, 100% used [0x00000000a4400000, 0x00000000a4500000)
AC   0  O    TS     0 PTAMS 0x00000000a4600000 NTAMS 0x00000000a4600000 space 1024K, 100% used [0x00000000a4500000, 0x00000000a4600000)
AC   0  O    TS     0 PTAMS 0x00000000a4700000 NTAMS 0x00000000a4700000 space 1024K, 100% used [0x00000000a4600000, 0x00000000a4700000)
AC   0  O    TS     1 PTAMS 0x00000000a4700000 NTAMS 0x00000000a4700000 space 1024K, 100% used [0x00000000a4700000, 0x00000000a4800000)
AC   0  O    TS     0 PTAMS 0x00000000a4900000 NTAMS 0x00000000a4900000 space 1024K, 100% used [0x00000000a4800000, 0x00000000a4900000)
AC   0  O    TS     1 PTAMS 0x00000000a4900000 NTAMS 0x00000000a4900000 space 1024K, 100% used [0x00000000a4900000, 0x00000000a4a00000)
AC   0  O    TS     0 PTAMS 0x00000000a4b00000 NTAMS 0x00000000a4b00000 space 1024K, 100% used [0x00000000a4a00000, 0x00000000a4b00000)
AC   0  O    TS     0 PTAMS 0x00000000a4c00000 NTAMS 0x00000000a4c00000 space 1024K, 100% used [0x00000000a4b00000, 0x00000000a4c00000)
AC   0  O    TS     0 PTAMS 0x00000000a4d00000 NTAMS 0x00000000a4d00000 space 1024K, 100% used [0x00000000a4c00000, 0x00000000a4d00000)
AC   0  O    TS     0 PTAMS 0x00000000a4e00000 NTAMS 0x00000000a4e00000 space 1024K, 100% used [0x00000000a4d00000, 0x00000000a4e00000)
AC   0  O    TS     0 PTAMS 0x00000000a4f00000 NTAMS 0x00000000a4f00000 space 1024K, 100% used [0x00000000a4e00000, 0x00000000a4f00000)
AC   0  O    TS     0 PTAMS 0x00000000a5000000 NTAMS 0x00000000a5000000 space 1024K, 100% used [0x00000000a4f00000, 0x00000000a5000000)
AC   0  O    TS     0 PTAMS 0x00000000a5100000 NTAMS 0x00000000a5100000 space 1024K, 100% used [0x00000000a5000000, 0x00000000a5100000)
AC   0  O    TS     0 PTAMS 0x00000000a5200000 NTAMS 0x00000000a5200000 space 1024K, 100% used [0x00000000a5100000, 0x00000000a5200000)
AC   0  O    TS     0 PTAMS 0x00000000a5300000 NTAMS 0x00000000a5300000 space 1024K, 100% used [0x00000000a5200000, 0x00000000a5300000)
AC   0  O    TS     0 PTAMS 0x00000000a5400000 NTAMS 0x00000000a5400000 space 1024K, 100% used [0x00000000a5300000, 0x00000000a5400000)
AC   0  O    TS     0 PTAMS 0x00000000a5500000 NTAMS 0x00000000a5500000 space 1024K, 100% used [0x00000000a5400000, 0x00000000a5500000)
AC   0  O    TS     0 PTAMS 0x00000000a5600000 NTAMS 0x00000000a5600000 space 1024K, 100% used [0x00000000a5500000, 0x00000000a5600000)
AC   0  O    TS     1 PTAMS 0x00000000a5600000 NTAMS 0x00000000a5600000 space 1024K, 100% used [0x00000000a5600000, 0x00000000a5700000)
AC   0  O    TS     0 PTAMS 0x00000000a5800000 NTAMS 0x00000000a5800000 space 1024K, 100% used [0x00000000a5700000, 0x00000000a5800000)
AC   0  O    TS     0 PTAMS 0x00000000a5900000 NTAMS 0x00000000a5900000 space 1024K, 100% used [0x00000000a5800000, 0x00000000a5900000)
AC   0  O    TS     1 PTAMS 0x00000000a5900000 NTAMS 0x00000000a5900000 space 1024K, 100% used [0x00000000a5900000, 0x00000000a5a00000)
AC   0  O    TS     1 PTAMS 0x00000000a5a00000 NTAMS 0x00000000a5a00000 space 1024K, 100% used [0x00000000a5a00000, 0x00000000a5b00000)
AC   0  O    TS     0 PTAMS 0x00000000a5c00000 NTAMS 0x00000000a5c00000 space 1024K, 100% used [0x00000000a5b00000, 0x00000000a5c00000)
AC   0  O    TS     1 PTAMS 0x00000000a5c00000 NTAMS 0x00000000a5c00000 space 1024K, 100% used [0x00000000a5c00000, 0x00000000a5d00000)
AC   0  O    TS     1 PTAMS 0x00000000a5d00000 NTAMS 0x00000000a5d00000 space 1024K, 100% used [0x00000000a5d00000, 0x00000000a5e00000)
AC   0  O    TS     0 PTAMS 0x00000000a5f00000 NTAMS 0x00000000a5f00000 space 1024K, 100% used [0x00000000a5e00000, 0x00000000a5f00000)
AC   0  O    TS     0 PTAMS 0x00000000a6000000 NTAMS 0x00000000a6000000 space 1024K, 100% used [0x00000000a5f00000, 0x00000000a6000000)
AC   0  O    TS     1 PTAMS 0x00000000a6000000 NTAMS 0x00000000a6000000 space 1024K, 100% used [0x00000000a6000000, 0x00000000a6100000)
AC   0  O    TS     0 PTAMS 0x00000000a6200000 NTAMS 0x00000000a6200000 space 1024K, 100% used [0x00000000a6100000, 0x00000000a6200000)
AC   0  O    TS     0 PTAMS 0x00000000a6300000 NTAMS 0x00000000a6300000 space 1024K, 100% used [0x00000000a6200000, 0x00000000a6300000)
AC   0  O    TS     5 PTAMS 0x00000000a6300000 NTAMS 0x00000000a6300000 space 1024K, 100% used [0x00000000a6300000, 0x00000000a6400000)
AC   0  O    TS     1 PTAMS 0x00000000a6400000 NTAMS 0x00000000a6400000 space 1024K, 100% used [0x00000000a6400000, 0x00000000a6500000)
AC   0  O    TS     1 PTAMS 0x00000000a6500000 NTAMS 0x00000000a6500000 space 1024K, 100% used [0x00000000a6500000, 0x00000000a6600000)
AC   0  O    TS     0 PTAMS 0x00000000a6700000 NTAMS 0x00000000a6700000 space 1024K, 100% used [0x00000000a6600000, 0x00000000a6700000)
AC   0  O    TS     1 PTAMS 0x00000000a6700000 NTAMS 0x00000000a6700000 space 1024K, 100% used [0x00000000a6700000, 0x00000000a6800000)
AC   0  O    TS     1 PTAMS 0x00000000a6800000 NTAMS 0x00000000a6800000 space 1024K, 100% used [0x00000000a6800000, 0x00000000a6900000)
AC   0  O    TS     1 PTAMS 0x00000000a6900000 NTAMS 0x00000000a6900000 space 1024K, 100% used [0x00000000a6900000, 0x00000000a6a00000)
AC   0  O    TS     0 PTAMS 0x00000000a6b00000 NTAMS 0x00000000a6b00000 space 1024K, 100% used [0x00000000a6a00000, 0x00000000a6b00000)
AC   0  O    TS     0 PTAMS 0x00000000a6c00000 NTAMS 0x00000000a6c00000 space 1024K, 100% used [0x00000000a6b00000, 0x00000000a6c00000)
AC   0  O    TS     0 PTAMS 0x00000000a6d00000 NTAMS 0x00000000a6d00000 space 1024K, 100% used [0x00000000a6c00000, 0x00000000a6d00000)
AC   0  O    TS     0 PTAMS 0x00000000a6e00000 NTAMS 0x00000000a6e00000 space 1024K, 100% used [0x00000000a6d00000, 0x00000000a6e00000)
AC   0  O    TS     1 PTAMS 0x00000000a6e00000 NTAMS 0x00000000a6e00000 space 1024K, 100% used [0x00000000a6e00000, 0x00000000a6f00000)
AC   0  O    TS     0 PTAMS 0x00000000a7000000 NTAMS 0x00000000a7000000 space 1024K, 100% used [0x00000000a6f00000, 0x00000000a7000000)
AC   0  O    TS     0 PTAMS 0x00000000a7100000 NTAMS 0x00000000a7100000 space 1024K, 100% used [0x00000000a7000000, 0x00000000a7100000)
AC   0  O    TS     1 PTAMS 0x00000000a7100000 NTAMS 0x00000000a7100000 space 1024K, 100% used [0x00000000a7100000, 0x00000000a7200000)
AC   0  O    TS     0 PTAMS 0x00000000a7300000 NTAMS 0x00000000a7300000 space 1024K, 100% used [0x00000000a7200000, 0x00000000a7300000)
AC   0  O    TS     3 PTAMS 0x00000000a7300000 NTAMS 0x00000000a7300000 space 1024K, 100% used [0x00000000a7300000, 0x00000000a7400000)
AC   0  O    TS     0 PTAMS 0x00000000a7500000 NTAMS 0x00000000a7500000 space 1024K, 100% used [0x00000000a7400000, 0x00000000a7500000)
AC   0  O    TS     0 PTAMS 0x00000000a7600000 NTAMS 0x00000000a7600000 space 1024K, 100% used [0x00000000a7500000, 0x00000000a7600000)
AC   0  O    TS     0 PTAMS 0x00000000a7700000 NTAMS 0x00000000a7700000 space 1024K, 100% used [0x00000000a7600000, 0x00000000a7700000)
AC   0  O    TS     5 PTAMS 0x00000000a7700000 NTAMS 0x00000000a7700000 space 1024K, 100% used [0x00000000a7700000, 0x00000000a7800000)
AC   0  O    TS     0 PTAMS 0x00000000a7900000 NTAMS 0x00000000a7900000 space 1024K, 100% used [0x00000000a7800000, 0x00000000a7900000)
AC   0  O    TS     0 PTAMS 0x00000000a7a00000 NTAMS 0x00000000a7a00000 space 1024K, 100% used [0x00000000a7900000, 0x00000000a7a00000)
AC   0  O    TS     0 PTAMS 0x00000000a7b00000 NTAMS 0x00000000a7b00000 space 1024K, 100% used [0x00000000a7a00000, 0x00000000a7b00000)
AC   0  O    TS     0 PTAMS 0x00000000a7c00000 NTAMS 0x00000000a7c00000 space 1024K, 100% used [0x00000000a7b00000, 0x00000000a7c00000)
AC   0  O    TS     3 PTAMS 0x00000000a7c00000 NTAMS 0x00000000a7c00000 space 1024K, 100% used [0x00000000a7c00000, 0x00000000a7d00000)
AC   0  O    TS     5 PTAMS 0x00000000a7d00000 NTAMS 0x00000000a7d00000 space 1024K, 100% used [0x00000000a7d00000, 0x00000000a7e00000)
AC   0  O    TS     3 PTAMS 0x00000000a7e00000 NTAMS 0x00000000a7e00000 space 1024K, 100% used [0x00000000a7e00000, 0x00000000a7f00000)
AC   0  O    TS     3 PTAMS 0x00000000a7f00000 NTAMS 0x00000000a7f00000 space 1024K, 100% used [0x00000000a7f00000, 0x00000000a8000000)
AC   0  O    TS     3 PTAMS 0x00000000a8000000 NTAMS 0x00000000a8000000 space 1024K, 100% used [0x00000000a8000000, 0x00000000a8100000)
AC   0  O    TS     3 PTAMS 0x00000000a8100000 NTAMS 0x00000000a8100000 space 1024K, 100% used [0x00000000a8100000, 0x00000000a8200000)
AC   0  O    TS     3 PTAMS 0x00000000a8200000 NTAMS 0x00000000a8200000 space 1024K, 100% used [0x00000000a8200000, 0x00000000a8300000)
AC   0  O    TS     5 PTAMS 0x00000000a8300000 NTAMS 0x00000000a8300000 space 1024K, 100% used [0x00000000a8300000, 0x00000000a8400000)
AC   0  O    TS     5 PTAMS 0x00000000a8400000 NTAMS 0x00000000a8400000 space 1024K, 100% used [0x00000000a8400000, 0x00000000a8500000)
AC   0  O    TS     5 PTAMS 0x00000000a8500000 NTAMS 0x00000000a8500000 space 1024K, 100% used [0x00000000a8500000, 0x00000000a8600000)
AC   0  O    TS     5 PTAMS 0x00000000a8600000 NTAMS 0x00000000a8600000 space 1024K, 100% used [0x00000000a8600000, 0x00000000a8700000)
AC   0  O    TS     0 PTAMS 0x00000000a8800000 NTAMS 0x00000000a8800000 space 1024K, 100% used [0x00000000a8700000, 0x00000000a8800000)
AC   0  O    TS     5 PTAMS 0x00000000a8800000 NTAMS 0x00000000a8800000 space 1024K, 100% used [0x00000000a8800000, 0x00000000a8900000)
AC   0  O    TS     5 PTAMS 0x00000000a8900000 NTAMS 0x00000000a8900000 space 1024K, 100% used [0x00000000a8900000, 0x00000000a8a00000)
AC   0  O    TS     0 PTAMS 0x00000000a8b00000 NTAMS 0x00000000a8b00000 space 1024K, 100% used [0x00000000a8a00000, 0x00000000a8b00000)
AC   0  O    TS     0 PTAMS 0x00000000a8c00000 NTAMS 0x00000000a8c00000 space 1024K, 100% used [0x00000000a8b00000, 0x00000000a8c00000)
AC   0  O    TS     5 PTAMS 0x00000000a8c00000 NTAMS 0x00000000a8c00000 space 1024K, 100% used [0x00000000a8c00000, 0x00000000a8d00000)
AC   0  O    TS     5 PTAMS 0x00000000a8d00000 NTAMS 0x00000000a8d00000 space 1024K, 100% used [0x00000000a8d00000, 0x00000000a8e00000)
AC   0  O    TS     5 PTAMS 0x00000000a8e00000 NTAMS 0x00000000a8e00000 space 1024K, 100% used [0x00000000a8e00000, 0x00000000a8f00000)
AC   0  O    TS     5 PTAMS 0x00000000a8f00000 NTAMS 0x00000000a8f00000 space 1024K, 100% used [0x00000000a8f00000, 0x00000000a9000000)
AC   0  O    TS     5 PTAMS 0x00000000a9000000 NTAMS 0x00000000a9000000 space 1024K, 100% used [0x00000000a9000000, 0x00000000a9100000)
AC   0  O    TS     5 PTAMS 0x00000000a9100000 NTAMS 0x00000000a9100000 space 1024K, 100% used [0x00000000a9100000, 0x00000000a9200000)
AC   0  O    TS     5 PTAMS 0x00000000a9200000 NTAMS 0x00000000a9200000 space 1024K, 100% used [0x00000000a9200000, 0x00000000a9300000)
AC   0  O    TS     5 PTAMS 0x00000000a9300000 NTAMS 0x00000000a9300000 space 1024K, 100% used [0x00000000a9300000, 0x00000000a9400000)
AC   0  O    TS     5 PTAMS 0x00000000a9400000 NTAMS 0x00000000a9400000 space 1024K, 100% used [0x00000000a9400000, 0x00000000a9500000)
AC   0  O    TS     5 PTAMS 0x00000000a9500000 NTAMS 0x00000000a9500000 space 1024K, 100% used [0x00000000a9500000, 0x00000000a9600000)
AC   0  O    TS     5 PTAMS 0x00000000a9600000 NTAMS 0x00000000a9600000 space 1024K, 100% used [0x00000000a9600000, 0x00000000a9700000)
AC   0  O    TS     5 PTAMS 0x00000000a9700000 NTAMS 0x00000000a9700000 space 1024K, 100% used [0x00000000a9700000, 0x00000000a9800000)
AC   0  O    TS     5 PTAMS 0x00000000a9800000 NTAMS 0x00000000a9800000 space 1024K, 100% used [0x00000000a9800000, 0x00000000a9900000)
AC   0  O    TS     5 PTAMS 0x00000000a9900000 NTAMS 0x00000000a9900000 space 1024K, 100% used [0x00000000a9900000, 0x00000000a9a00000)
AC   0  O    TS     5 PTAMS 0x00000000a9a00000 NTAMS 0x00000000a9a00000 space 1024K, 100% used [0x00000000a9a00000, 0x00000000a9b00000)
AC   0  O    TS     0 PTAMS 0x00000000a9c00000 NTAMS 0x00000000a9c00000 space 1024K, 100% used [0x00000000a9b00000, 0x00000000a9c00000)
AC   0  O    TS     5 PTAMS 0x00000000a9c00000 NTAMS 0x00000000a9c00000 space 1024K, 100% used [0x00000000a9c00000, 0x00000000a9d00000)
AC   0  O    TS     5 PTAMS 0x00000000a9d00000 NTAMS 0x00000000a9d00000 space 1024K, 100% used [0x00000000a9d00000, 0x00000000a9e00000)
AC   0  O    TS     5 PTAMS 0x00000000a9e00000 NTAMS 0x00000000a9e00000 space 1024K, 100% used [0x00000000a9e00000, 0x00000000a9f00000)
AC   0  O    TS     5 PTAMS 0x00000000a9f00000 NTAMS 0x00000000a9f00000 space 1024K, 100% used [0x00000000a9f00000, 0x00000000aa000000)
AC   0  O    TS     5 PTAMS 0x00000000aa000000 NTAMS 0x00000000aa000000 space 1024K, 100% used [0x00000000aa000000, 0x00000000aa100000)
AC   0  O    TS     5 PTAMS 0x00000000aa100000 NTAMS 0x00000000aa100000 space 1024K,  50% used [0x00000000aa100000, 0x00000000aa200000)
AC   0  F    TS     0 PTAMS 0x00000000aa200000 NTAMS 0x00000000aa200000 space 1024K,   0% used [0x00000000aa200000, 0x00000000aa300000)
AC   0  F    TS     0 PTAMS 0x00000000aa300000 NTAMS 0x00000000aa300000 space 1024K,   0% used [0x00000000aa300000, 0x00000000aa400000)
AC   0  F    TS     0 PTAMS 0x00000000aa400000 NTAMS 0x00000000aa400000 space 1024K,   0% used [0x00000000aa400000, 0x00000000aa500000)
AC   0  F    TS     0 PTAMS 0x00000000aa500000 NTAMS 0x00000000aa500000 space 1024K,   0% used [0x00000000aa500000, 0x00000000aa600000)
AC   0  F    TS     0 PTAMS 0x00000000aa600000 NTAMS 0x00000000aa600000 space 1024K,   0% used [0x00000000aa600000, 0x00000000aa700000)
AC   0  F    TS     0 PTAMS 0x00000000aa700000 NTAMS 0x00000000aa700000 space 1024K,   0% used [0x00000000aa700000, 0x00000000aa800000)
AC   0  F    TS     0 PTAMS 0x00000000aa800000 NTAMS 0x00000000aa800000 space 1024K,   0% used [0x00000000aa800000, 0x00000000aa900000)
AC   0  F    TS     0 PTAMS 0x00000000aa900000 NTAMS 0x00000000aa900000 space 1024K,   0% used [0x00000000aa900000, 0x00000000aaa00000)
AC   0  F    TS     0 PTAMS 0x00000000aaa00000 NTAMS 0x00000000aaa00000 space 1024K,   0% used [0x00000000aaa00000, 0x00000000aab00000)
AC   0  F    TS     0 PTAMS 0x00000000aab00000 NTAMS 0x00000000aab00000 space 1024K,   0% used [0x00000000aab00000, 0x00000000aac00000)
AC   0  F    TS     0 PTAMS 0x00000000aac00000 NTAMS 0x00000000aac00000 space 1024K,   0% used [0x00000000aac00000, 0x00000000aad00000)
AC   0  F    TS     0 PTAMS 0x00000000aad00000 NTAMS 0x00000000aad00000 space 1024K,   0% used [0x00000000aad00000, 0x00000000aae00000)
AC   0  F    TS     0 PTAMS 0x00000000aae00000 NTAMS 0x00000000aae00000 space 1024K,   0% used [0x00000000aae00000, 0x00000000aaf00000)
AC   0  F    TS     0 PTAMS 0x00000000aaf00000 NTAMS 0x00000000aaf00000 space 1024K,   0% used [0x00000000aaf00000, 0x00000000ab000000)
AC   0  F    TS     0 PTAMS 0x00000000ab000000 NTAMS 0x00000000ab000000 space 1024K,   0% used [0x00000000ab000000, 0x00000000ab100000)
AC   0  F    TS     0 PTAMS 0x00000000ab100000 NTAMS 0x00000000ab100000 space 1024K,   0% used [0x00000000ab100000, 0x00000000ab200000)
AC   0  F    TS     0 PTAMS 0x00000000ab200000 NTAMS 0x00000000ab200000 space 1024K,   0% used [0x00000000ab200000, 0x00000000ab300000)
AC   0  S CS TS     5 PTAMS 0x00000000ab300000 NTAMS 0x00000000ab300000 space 1024K, 100% used [0x00000000ab300000, 0x00000000ab400000)
AC   0  S CS TS     5 PTAMS 0x00000000ab400000 NTAMS 0x00000000ab400000 space 1024K, 100% used [0x00000000ab400000, 0x00000000ab500000)
AC   0  S CS TS     5 PTAMS 0x00000000ab500000 NTAMS 0x00000000ab500000 space 1024K, 100% used [0x00000000ab500000, 0x00000000ab600000)
AC   0  S CS TS     5 PTAMS 0x00000000ab600000 NTAMS 0x00000000ab600000 space 1024K, 100% used [0x00000000ab600000, 0x00000000ab700000)
AC   0  S CS TS     5 PTAMS 0x00000000ab700000 NTAMS 0x00000000ab700000 space 1024K, 100% used [0x00000000ab700000, 0x00000000ab800000)
AC   0  S CS TS     5 PTAMS 0x00000000ab800000 NTAMS 0x00000000ab800000 space 1024K, 100% used [0x00000000ab800000, 0x00000000ab900000)
AC   0  S CS TS     5 PTAMS 0x00000000ab900000 NTAMS 0x00000000ab900000 space 1024K, 100% used [0x00000000ab900000, 0x00000000aba00000)
AC   0  S CS TS     5 PTAMS 0x00000000aba00000 NTAMS 0x00000000aba00000 space 1024K, 100% used [0x00000000aba00000, 0x00000000abb00000)
AC   0  S CS TS     5 PTAMS 0x00000000abb00000 NTAMS 0x00000000abb00000 space 1024K, 100% used [0x00000000abb00000, 0x00000000abc00000)
AC   0  S CS TS     5 PTAMS 0x00000000abc00000 NTAMS 0x00000000abc00000 space 1024K, 100% used [0x00000000abc00000, 0x00000000abd00000)
AC   0  S CS TS     5 PTAMS 0x00000000abd00000 NTAMS 0x00000000abd00000 space 1024K, 100% used [0x00000000abd00000, 0x00000000abe00000)
AC   0  S CS TS     5 PTAMS 0x00000000abe00000 NTAMS 0x00000000abe00000 space 1024K, 100% used [0x00000000abe00000, 0x00000000abf00000)
AC   0  S CS TS     5 PTAMS 0x00000000abf00000 NTAMS 0x00000000abf00000 space 1024K, 100% used [0x00000000abf00000, 0x00000000ac000000)
AC   0  S CS TS     5 PTAMS 0x00000000ac000000 NTAMS 0x00000000ac000000 space 1024K, 100% used [0x00000000ac000000, 0x00000000ac100000)
AC   0  S CS TS     5 PTAMS 0x00000000ac100000 NTAMS 0x00000000ac100000 space 1024K, 100% used [0x00000000ac100000, 0x00000000ac200000)
AC   0  O    TS     0 PTAMS 0x00000000ac300000 NTAMS 0x00000000ac300000 space 1024K, 100% used [0x00000000ac200000, 0x00000000ac300000)
AC   0  O    TS     0 PTAMS 0x00000000ac400000 NTAMS 0x00000000ac400000 space 1024K, 100% used [0x00000000ac300000, 0x00000000ac400000)
AC   0  O    TS     0 PTAMS 0x00000000ac500000 NTAMS 0x00000000ac500000 space 1024K, 100% used [0x00000000ac400000, 0x00000000ac500000)
AC   0  S CS TS     5 PTAMS 0x00000000ac500000 NTAMS 0x00000000ac500000 space 1024K, 100% used [0x00000000ac500000, 0x00000000ac600000)
AC   0  S CS TS     5 PTAMS 0x00000000ac600000 NTAMS 0x00000000ac600000 space 1024K, 100% used [0x00000000ac600000, 0x00000000ac700000)
AC   0  S CS TS     5 PTAMS 0x00000000ac700000 NTAMS 0x00000000ac700000 space 1024K, 100% used [0x00000000ac700000, 0x00000000ac800000)
AC   0  O    TS     0 PTAMS 0x00000000ac900000 NTAMS 0x00000000ac900000 space 1024K, 100% used [0x00000000ac800000, 0x00000000ac900000)
AC   0  O    TS     0 PTAMS 0x00000000aca00000 NTAMS 0x00000000aca00000 space 1024K, 100% used [0x00000000ac900000, 0x00000000aca00000)
AC   0  S CS TS     5 PTAMS 0x00000000aca00000 NTAMS 0x00000000aca00000 space 1024K, 100% used [0x00000000aca00000, 0x00000000acb00000)
AC   0  O    TS     0 PTAMS 0x00000000acc00000 NTAMS 0x00000000acc00000 space 1024K, 100% used [0x00000000acb00000, 0x00000000acc00000)
AC   0  O    TS     0 PTAMS 0x00000000acd00000 NTAMS 0x00000000acd00000 space 1024K, 100% used [0x00000000acc00000, 0x00000000acd00000)
AC   0  S CS TS     5 PTAMS 0x00000000acd00000 NTAMS 0x00000000acd00000 space 1024K, 100% used [0x00000000acd00000, 0x00000000ace00000)
AC   0  O    TS     0 PTAMS 0x00000000acf00000 NTAMS 0x00000000acf00000 space 1024K, 100% used [0x00000000ace00000, 0x00000000acf00000)
AC   0  S CS TS     5 PTAMS 0x00000000acf00000 NTAMS 0x00000000acf00000 space 1024K, 100% used [0x00000000acf00000, 0x00000000ad000000)
AC   0  S CS TS     5 PTAMS 0x00000000ad000000 NTAMS 0x00000000ad000000 space 1024K, 100% used [0x00000000ad000000, 0x00000000ad100000)
AC   0  F    TS     0 PTAMS 0x00000000ad100000 NTAMS 0x00000000ad100000 space 1024K,   0% used [0x00000000ad100000, 0x00000000ad200000)
AC   0  F    TS     0 PTAMS 0x00000000ad200000 NTAMS 0x00000000ad200000 space 1024K,   0% used [0x00000000ad200000, 0x00000000ad300000)
AC   0  F    TS     0 PTAMS 0x00000000ad300000 NTAMS 0x00000000ad300000 space 1024K,   0% used [0x00000000ad300000, 0x00000000ad400000)
AC   0  F    TS     0 PTAMS 0x00000000ad400000 NTAMS 0x00000000ad400000 space 1024K,   0% used [0x00000000ad400000, 0x00000000ad500000)
AC   0  O    TS     0 PTAMS 0x00000000ad600000 NTAMS 0x00000000ad600000 space 1024K, 100% used [0x00000000ad500000, 0x00000000ad600000)
AC   0  O    TS     0 PTAMS 0x00000000ad700000 NTAMS 0x00000000ad700000 space 1024K, 100% used [0x00000000ad600000, 0x00000000ad700000)
AC   0  O    TS     1 PTAMS 0x00000000ad780008 NTAMS 0x00000000ad780008 space 1024K, 100% used [0x00000000ad700000, 0x00000000ad800000)
AC   0  F    TS     0 PTAMS 0x00000000ad800000 NTAMS 0x00000000ad800000 space 1024K,   0% used [0x00000000ad800000, 0x00000000ad900000)
AC   0  F    TS     0 PTAMS 0x00000000ad900000 NTAMS 0x00000000ad900000 space 1024K,   0% used [0x00000000ad900000, 0x00000000ada00000)
AC   0  F    TS     0 PTAMS 0x00000000ada00000 NTAMS 0x00000000ada00000 space 1024K,   0% used [0x00000000ada00000, 0x00000000adb00000)
AC   0  F    TS     0 PTAMS 0x00000000adb00000 NTAMS 0x00000000adb00000 space 1024K,   0% used [0x00000000adb00000, 0x00000000adc00000)
AC   0  F    TS     0 PTAMS 0x00000000adc00000 NTAMS 0x00000000adc00000 space 1024K,   0% used [0x00000000adc00000, 0x00000000add00000)
AC   0  F    TS     0 PTAMS 0x00000000add00000 NTAMS 0x00000000add00000 space 1024K,   0% used [0x00000000add00000, 0x00000000ade00000)
AC   0  F    TS     0 PTAMS 0x00000000ade00000 NTAMS 0x00000000ade00000 space 1024K,   0% used [0x00000000ade00000, 0x00000000adf00000)
AC   0  F    TS     0 PTAMS 0x00000000adf00000 NTAMS 0x00000000adf00000 space 1024K,   0% used [0x00000000adf00000, 0x00000000ae000000)
AC   0  F    TS     0 PTAMS 0x00000000ae000000 NTAMS 0x00000000ae000000 space 1024K,   0% used [0x00000000ae000000, 0x00000000ae100000)
AC   0  F    TS     0 PTAMS 0x00000000ae100000 NTAMS 0x00000000ae100000 space 1024K,   0% used [0x00000000ae100000, 0x00000000ae200000)
AC   0  F    TS     0 PTAMS 0x00000000ae200000 NTAMS 0x00000000ae200000 space 1024K,   0% used [0x00000000ae200000, 0x00000000ae300000)
AC   0  F    TS     0 PTAMS 0x00000000ae300000 NTAMS 0x00000000ae300000 space 1024K,   0% used [0x00000000ae300000, 0x00000000ae400000)
AC   0  F    TS     0 PTAMS 0x00000000ae400000 NTAMS 0x00000000ae400000 space 1024K,   0% used [0x00000000ae400000, 0x00000000ae500000)
AC   0  F    TS     0 PTAMS 0x00000000ae500000 NTAMS 0x00000000ae500000 space 1024K,   0% used [0x00000000ae500000, 0x00000000ae600000)
AC   0  F    TS     0 PTAMS 0x00000000ae600000 NTAMS 0x00000000ae600000 space 1024K,   0% used [0x00000000ae600000, 0x00000000ae700000)
AC   0  F    TS     0 PTAMS 0x00000000ae700000 NTAMS 0x00000000ae700000 space 1024K,   0% used [0x00000000ae700000, 0x00000000ae800000)
AC   0  F    TS     0 PTAMS 0x00000000ae800000 NTAMS 0x00000000ae800000 space 1024K,   0% used [0x00000000ae800000, 0x00000000ae900000)
AC   0  F    TS     0 PTAMS 0x00000000ae900000 NTAMS 0x00000000ae900000 space 1024K,   0% used [0x00000000ae900000, 0x00000000aea00000)
AC   0  F    TS     0 PTAMS 0x00000000aea00000 NTAMS 0x00000000aea00000 space 1024K,   0% used [0x00000000aea00000, 0x00000000aeb00000)
AC   0  F    TS     0 PTAMS 0x00000000aeb00000 NTAMS 0x00000000aeb00000 space 1024K,   0% used [0x00000000aeb00000, 0x00000000aec00000)
AC   0  F    TS     0 PTAMS 0x00000000aec00000 NTAMS 0x00000000aec00000 space 1024K,   0% used [0x00000000aec00000, 0x00000000aed00000)
AC   0  F    TS     0 PTAMS 0x00000000aed00000 NTAMS 0x00000000aed00000 space 1024K,   0% used [0x00000000aed00000, 0x00000000aee00000)
AC   0  F    TS     0 PTAMS 0x00000000aee00000 NTAMS 0x00000000aee00000 space 1024K,   0% used [0x00000000aee00000, 0x00000000aef00000)
AC   0  F    TS     0 PTAMS 0x00000000aef00000 NTAMS 0x00000000aef00000 space 1024K,   0% used [0x00000000aef00000, 0x00000000af000000)
AC   0  F    TS     0 PTAMS 0x00000000af000000 NTAMS 0x00000000af000000 space 1024K,   0% used [0x00000000af000000, 0x00000000af100000)
AC   0  F    TS     0 PTAMS 0x00000000af100000 NTAMS 0x00000000af100000 space 1024K,   0% used [0x00000000af100000, 0x00000000af200000)
AC   0  F    TS     0 PTAMS 0x00000000af200000 NTAMS 0x00000000af200000 space 1024K,   0% used [0x00000000af200000, 0x00000000af300000)
AC   0  F    TS     0 PTAMS 0x00000000af300000 NTAMS 0x00000000af300000 space 1024K,   0% used [0x00000000af300000, 0x00000000af400000)
AC   0  F    TS     0 PTAMS 0x00000000af400000 NTAMS 0x00000000af400000 space 1024K,   0% used [0x00000000af400000, 0x00000000af500000)
AC   0  F    TS     0 PTAMS 0x00000000af500000 NTAMS 0x00000000af500000 space 1024K,   0% used [0x00000000af500000, 0x00000000af600000)
AC   0  F    TS     0 PTAMS 0x00000000af600000 NTAMS 0x00000000af600000 space 1024K,   0% used [0x00000000af600000, 0x00000000af700000)
AC   0  F    TS     0 PTAMS 0x00000000af700000 NTAMS 0x00000000af700000 space 1024K,   0% used [0x00000000af700000, 0x00000000af800000)
AC   0  F    TS     0 PTAMS 0x00000000af800000 NTAMS 0x00000000af800000 space 1024K,   0% used [0x00000000af800000, 0x00000000af900000)
AC   0  F    TS     0 PTAMS 0x00000000af900000 NTAMS 0x00000000af900000 space 1024K,   0% used [0x00000000af900000, 0x00000000afa00000)
AC   0  F    TS     0 PTAMS 0x00000000afa00000 NTAMS 0x00000000afa00000 space 1024K,   0% used [0x00000000afa00000, 0x00000000afb00000)
AC   0  F    TS     0 PTAMS 0x00000000afb00000 NTAMS 0x00000000afb00000 space 1024K,   0% used [0x00000000afb00000, 0x00000000afc00000)
AC   0  F    TS     0 PTAMS 0x00000000afc00000 NTAMS 0x00000000afc00000 space 1024K,   0% used [0x00000000afc00000, 0x00000000afd00000)
AC   0  F    TS     0 PTAMS 0x00000000afd00000 NTAMS 0x00000000afd00000 space 1024K,   0% used [0x00000000afd00000, 0x00000000afe00000)
AC   0  F    TS     0 PTAMS 0x00000000afe00000 NTAMS 0x00000000afe00000 space 1024K,   0% used [0x00000000afe00000, 0x00000000aff00000)
AC   0  F    TS     0 PTAMS 0x00000000aff00000 NTAMS 0x00000000aff00000 space 1024K,   0% used [0x00000000aff00000, 0x00000000b0000000)
AC   0  F    TS     0 PTAMS 0x00000000b0000000 NTAMS 0x00000000b0000000 space 1024K,   0% used [0x00000000b0000000, 0x00000000b0100000)
AC   0  F    TS     0 PTAMS 0x00000000b0100000 NTAMS 0x00000000b0100000 space 1024K,   0% used [0x00000000b0100000, 0x00000000b0200000)
AC   0  F    TS     0 PTAMS 0x00000000b0200000 NTAMS 0x00000000b0200000 space 1024K,   0% used [0x00000000b0200000, 0x00000000b0300000)
AC   0  F    TS     0 PTAMS 0x00000000b0300000 NTAMS 0x00000000b0300000 space 1024K,   0% used [0x00000000b0300000, 0x00000000b0400000)
AC   0  F    TS     0 PTAMS 0x00000000b0400000 NTAMS 0x00000000b0400000 space 1024K,   0% used [0x00000000b0400000, 0x00000000b0500000)
AC   0  F    TS     0 PTAMS 0x00000000b0500000 NTAMS 0x00000000b0500000 space 1024K,   0% used [0x00000000b0500000, 0x00000000b0600000)
AC   0  F    TS     1 PTAMS 0x00000000b0600000 NTAMS 0x00000000b0600000 space 1024K,   0% used [0x00000000b0600000, 0x00000000b0700000)
AC   0  F    TS     1 PTAMS 0x00000000b0700000 NTAMS 0x00000000b0700000 space 1024K,   0% used [0x00000000b0700000, 0x00000000b0800000)
AC   0  F    TS     1 PTAMS 0x00000000b0800000 NTAMS 0x00000000b0800000 space 1024K,   0% used [0x00000000b0800000, 0x00000000b0900000)
AC   0  F    TS     1 PTAMS 0x00000000b0900000 NTAMS 0x00000000b0900000 space 1024K,   0% used [0x00000000b0900000, 0x00000000b0a00000)
AC   0  F    TS     1 PTAMS 0x00000000b0a00000 NTAMS 0x00000000b0a00000 space 1024K,   0% used [0x00000000b0a00000, 0x00000000b0b00000)
AC   0  F    TS     1 PTAMS 0x00000000b0b00000 NTAMS 0x00000000b0b00000 space 1024K,   0% used [0x00000000b0b00000, 0x00000000b0c00000)
AC   0  F    TS     1 PTAMS 0x00000000b0c00000 NTAMS 0x00000000b0c00000 space 1024K,   0% used [0x00000000b0c00000, 0x00000000b0d00000)
AC   0  F    TS     0 PTAMS 0x00000000b0d00000 NTAMS 0x00000000b0d00000 space 1024K,   0% used [0x00000000b0d00000, 0x00000000b0e00000)
AC   0  O    TS     0 PTAMS 0x00000000b0f00000 NTAMS 0x00000000b0f00000 space 1024K, 100% used [0x00000000b0e00000, 0x00000000b0f00000)
AC   0  F    TS     0 PTAMS 0x00000000b0f00000 NTAMS 0x00000000b0f00000 space 1024K,   0% used [0x00000000b0f00000, 0x00000000b1000000)
AC   0  F    TS     0 PTAMS 0x00000000b1000000 NTAMS 0x00000000b1000000 space 1024K,   0% used [0x00000000b1000000, 0x00000000b1100000)
AC   0  F    TS     0 PTAMS 0x00000000b1100000 NTAMS 0x00000000b1100000 space 1024K,   0% used [0x00000000b1100000, 0x00000000b1200000)
AC   0  F    TS     0 PTAMS 0x00000000b1200000 NTAMS 0x00000000b1200000 space 1024K,   0% used [0x00000000b1200000, 0x00000000b1300000)
AC   0  F    TS     0 PTAMS 0x00000000b1300000 NTAMS 0x00000000b1300000 space 1024K,   0% used [0x00000000b1300000, 0x00000000b1400000)
AC   0  F    TS     0 PTAMS 0x00000000b1400000 NTAMS 0x00000000b1400000 space 1024K,   0% used [0x00000000b1400000, 0x00000000b1500000)
AC   0  F    TS     0 PTAMS 0x00000000b1500000 NTAMS 0x00000000b1500000 space 1024K,   0% used [0x00000000b1500000, 0x00000000b1600000)
AC   0  F    TS     0 PTAMS 0x00000000b1600000 NTAMS 0x00000000b1600000 space 1024K,   0% used [0x00000000b1600000, 0x00000000b1700000)
AC   0  F    TS     0 PTAMS 0x00000000b1700000 NTAMS 0x00000000b1700000 space 1024K,   0% used [0x00000000b1700000, 0x00000000b1800000)
AC   0  F    TS     0 PTAMS 0x00000000b1800000 NTAMS 0x00000000b1800000 space 1024K,   0% used [0x00000000b1800000, 0x00000000b1900000)
AC   0  F    TS     0 PTAMS 0x00000000b1900000 NTAMS 0x00000000b1900000 space 1024K,   0% used [0x00000000b1900000, 0x00000000b1a00000)
AC   0  F    TS     0 PTAMS 0x00000000b1a00000 NTAMS 0x00000000b1a00000 space 1024K,   0% used [0x00000000b1a00000, 0x00000000b1b00000)
AC   0  F    TS     0 PTAMS 0x00000000b1b00000 NTAMS 0x00000000b1b00000 space 1024K,   0% used [0x00000000b1b00000, 0x00000000b1c00000)
AC   0  F    TS     0 PTAMS 0x00000000b1c00000 NTAMS 0x00000000b1c00000 space 1024K,   0% used [0x00000000b1c00000, 0x00000000b1d00000)
AC   0  F    TS     0 PTAMS 0x00000000b1d00000 NTAMS 0x00000000b1d00000 space 1024K,   0% used [0x00000000b1d00000, 0x00000000b1e00000)
AC   0  F    TS     0 PTAMS 0x00000000b1e00000 NTAMS 0x00000000b1e00000 space 1024K,   0% used [0x00000000b1e00000, 0x00000000b1f00000)
AC   0  F    TS     0 PTAMS 0x00000000b1f00000 NTAMS 0x00000000b1f00000 space 1024K,   0% used [0x00000000b1f00000, 0x00000000b2000000)
AC   0  F    TS     0 PTAMS 0x00000000b2000000 NTAMS 0x00000000b2000000 space 1024K,   0% used [0x00000000b2000000, 0x00000000b2100000)
AC   0  F    TS     0 PTAMS 0x00000000b2100000 NTAMS 0x00000000b2100000 space 1024K,   0% used [0x00000000b2100000, 0x00000000b2200000)
AC   0  F    TS     0 PTAMS 0x00000000b2200000 NTAMS 0x00000000b2200000 space 1024K,   0% used [0x00000000b2200000, 0x00000000b2300000)
AC   0  F    TS     0 PTAMS 0x00000000b2300000 NTAMS 0x00000000b2300000 space 1024K,   0% used [0x00000000b2300000, 0x00000000b2400000)
AC   0  F    TS     0 PTAMS 0x00000000b2400000 NTAMS 0x00000000b2400000 space 1024K,   0% used [0x00000000b2400000, 0x00000000b2500000)
AC   0  F    TS     0 PTAMS 0x00000000b2500000 NTAMS 0x00000000b2500000 space 1024K,   0% used [0x00000000b2500000, 0x00000000b2600000)
AC   0  F    TS     0 PTAMS 0x00000000b2600000 NTAMS 0x00000000b2600000 space 1024K,   0% used [0x00000000b2600000, 0x00000000b2700000)
AC   0  F    TS     0 PTAMS 0x00000000b2700000 NTAMS 0x00000000b2700000 space 1024K,   0% used [0x00000000b2700000, 0x00000000b2800000)
AC   0  F    TS     0 PTAMS 0x00000000b2800000 NTAMS 0x00000000b2800000 space 1024K,   0% used [0x00000000b2800000, 0x00000000b2900000)
AC   0  F    TS     0 PTAMS 0x00000000b2900000 NTAMS 0x00000000b2900000 space 1024K,   0% used [0x00000000b2900000, 0x00000000b2a00000)
AC   0  F    TS     0 PTAMS 0x00000000b2a00000 NTAMS 0x00000000b2a00000 space 1024K,   0% used [0x00000000b2a00000, 0x00000000b2b00000)
AC   0  F    TS     0 PTAMS 0x00000000b2b00000 NTAMS 0x00000000b2b00000 space 1024K,   0% used [0x00000000b2b00000, 0x00000000b2c00000)
AC   0  F    TS     0 PTAMS 0x00000000b2c00000 NTAMS 0x00000000b2c00000 space 1024K,   0% used [0x00000000b2c00000, 0x00000000b2d00000)
AC   0  F    TS     0 PTAMS 0x00000000b2d00000 NTAMS 0x00000000b2d00000 space 1024K,   0% used [0x00000000b2d00000, 0x00000000b2e00000)
AC   0  F    TS     0 PTAMS 0x00000000b2e00000 NTAMS 0x00000000b2e00000 space 1024K,   0% used [0x00000000b2e00000, 0x00000000b2f00000)
AC   0  F    TS     0 PTAMS 0x00000000b2f00000 NTAMS 0x00000000b2f00000 space 1024K,   0% used [0x00000000b2f00000, 0x00000000b3000000)
AC   0  F    TS     0 PTAMS 0x00000000b3000000 NTAMS 0x00000000b3000000 space 1024K,   0% used [0x00000000b3000000, 0x00000000b3100000)
AC   0  F    TS     0 PTAMS 0x00000000b3100000 NTAMS 0x00000000b3100000 space 1024K,   0% used [0x00000000b3100000, 0x00000000b3200000)
AC   0  F    TS     0 PTAMS 0x00000000b3200000 NTAMS 0x00000000b3200000 space 1024K,   0% used [0x00000000b3200000, 0x00000000b3300000)
AC   0  F    TS     0 PTAMS 0x00000000b3300000 NTAMS 0x00000000b3300000 space 1024K,   0% used [0x00000000b3300000, 0x00000000b3400000)
AC   0  F    TS     0 PTAMS 0x00000000b3400000 NTAMS 0x00000000b3400000 space 1024K,   0% used [0x00000000b3400000, 0x00000000b3500000)
AC   0  F    TS     0 PTAMS 0x00000000b3500000 NTAMS 0x00000000b3500000 space 1024K,   0% used [0x00000000b3500000, 0x00000000b3600000)
AC   0  F    TS     0 PTAMS 0x00000000b3600000 NTAMS 0x00000000b3600000 space 1024K,   0% used [0x00000000b3600000, 0x00000000b3700000)
AC   0  F    TS     0 PTAMS 0x00000000b3700000 NTAMS 0x00000000b3700000 space 1024K,   0% used [0x00000000b3700000, 0x00000000b3800000)
AC   0  F    TS     0 PTAMS 0x00000000b3800000 NTAMS 0x00000000b3800000 space 1024K,   0% used [0x00000000b3800000, 0x00000000b3900000)
AC   0  F    TS     0 PTAMS 0x00000000b3900000 NTAMS 0x00000000b3900000 space 1024K,   0% used [0x00000000b3900000, 0x00000000b3a00000)
AC   0  F    TS     0 PTAMS 0x00000000b3a00000 NTAMS 0x00000000b3a00000 space 1024K,   0% used [0x00000000b3a00000, 0x00000000b3b00000)
AC   0  F    TS     0 PTAMS 0x00000000b3b00000 NTAMS 0x00000000b3b00000 space 1024K,   0% used [0x00000000b3b00000, 0x00000000b3c00000)
AC   0  F    TS     0 PTAMS 0x00000000b3c00000 NTAMS 0x00000000b3c00000 space 1024K,   0% used [0x00000000b3c00000, 0x00000000b3d00000)
AC   0  F    TS     0 PTAMS 0x00000000b3d00000 NTAMS 0x00000000b3d00000 space 1024K,   0% used [0x00000000b3d00000, 0x00000000b3e00000)
AC   0  F    TS     0 PTAMS 0x00000000b3e00000 NTAMS 0x00000000b3e00000 space 1024K,   0% used [0x00000000b3e00000, 0x00000000b3f00000)
AC   0  F    TS     0 PTAMS 0x00000000b3f00000 NTAMS 0x00000000b3f00000 space 1024K,   0% used [0x00000000b3f00000, 0x00000000b4000000)
AC   0  F    TS     0 PTAMS 0x00000000b4000000 NTAMS 0x00000000b4000000 space 1024K,   0% used [0x00000000b4000000, 0x00000000b4100000)
AC   0  F    TS     0 PTAMS 0x00000000b4100000 NTAMS 0x00000000b4100000 space 1024K,   0% used [0x00000000b4100000, 0x00000000b4200000)
AC   0  F    TS     0 PTAMS 0x00000000b4200000 NTAMS 0x00000000b4200000 space 1024K,   0% used [0x00000000b4200000, 0x00000000b4300000)
AC   0  F    TS     0 PTAMS 0x00000000b4300000 NTAMS 0x00000000b4300000 space 1024K,   0% used [0x00000000b4300000, 0x00000000b4400000)
AC   0  F    TS     0 PTAMS 0x00000000b4400000 NTAMS 0x00000000b4400000 space 1024K,   0% used [0x00000000b4400000, 0x00000000b4500000)
AC   0  F    TS     0 PTAMS 0x00000000b4500000 NTAMS 0x00000000b4500000 space 1024K,   0% used [0x00000000b4500000, 0x00000000b4600000)
AC   0  F    TS     0 PTAMS 0x00000000b4600000 NTAMS 0x00000000b4600000 space 1024K,   0% used [0x00000000b4600000, 0x00000000b4700000)
AC   0  F    TS     0 PTAMS 0x00000000b4700000 NTAMS 0x00000000b4700000 space 1024K,   0% used [0x00000000b4700000, 0x00000000b4800000)
AC   0  F    TS     0 PTAMS 0x00000000b4800000 NTAMS 0x00000000b4800000 space 1024K,   0% used [0x00000000b4800000, 0x00000000b4900000)
AC   0  F    TS     0 PTAMS 0x00000000b4900000 NTAMS 0x00000000b4900000 space 1024K,   0% used [0x00000000b4900000, 0x00000000b4a00000)
AC   0  E    TS     0 PTAMS 0x00000000b4a00000 NTAMS 0x00000000b4a00000 space 1024K,  50% used [0x00000000b4a00000, 0x00000000b4b00000)
AC   0  E CS TS     0 PTAMS 0x00000000b4b00000 NTAMS 0x00000000b4b00000 space 1024K, 100% used [0x00000000b4b00000, 0x00000000b4c00000)
AC   0  E CS TS     0 PTAMS 0x00000000b4c00000 NTAMS 0x00000000b4c00000 space 1024K, 100% used [0x00000000b4c00000, 0x00000000b4d00000)
AC   0  E CS TS     0 PTAMS 0x00000000b4d00000 NTAMS 0x00000000b4d00000 space 1024K, 100% used [0x00000000b4d00000, 0x00000000b4e00000)
AC   0  E CS TS     0 PTAMS 0x00000000b4e00000 NTAMS 0x00000000b4e00000 space 1024K, 100% used [0x00000000b4e00000, 0x00000000b4f00000)
AC   0  E CS TS     0 PTAMS 0x00000000b4f00000 NTAMS 0x00000000b4f00000 space 1024K, 100% used [0x00000000b4f00000, 0x00000000b5000000)
AC   0  E CS TS     0 PTAMS 0x00000000b5000000 NTAMS 0x00000000b5000000 space 1024K, 100% used [0x00000000b5000000, 0x00000000b5100000)
AC   0  E CS TS     0 PTAMS 0x00000000b5100000 NTAMS 0x00000000b5100000 space 1024K, 100% used [0x00000000b5100000, 0x00000000b5200000)
AC   0  E CS TS     0 PTAMS 0x00000000b5200000 NTAMS 0x00000000b5200000 space 1024K, 100% used [0x00000000b5200000, 0x00000000b5300000)
AC   0  E CS TS     0 PTAMS 0x00000000b5300000 NTAMS 0x00000000b5300000 space 1024K, 100% used [0x00000000b5300000, 0x00000000b5400000)
AC   0  E CS TS     0 PTAMS 0x00000000b5400000 NTAMS 0x00000000b5400000 space 1024K, 100% used [0x00000000b5400000, 0x00000000b5500000)
AC   0  E CS TS     1 PTAMS 0x00000000b5500000 NTAMS 0x00000000b5500000 space 1024K, 100% used [0x00000000b5500000, 0x00000000b5600000)
AC   0  E CS TS     0 PTAMS 0x00000000b5600000 NTAMS 0x00000000b5600000 space 1024K, 100% used [0x00000000b5600000, 0x00000000b5700000)
AC   0  E CS TS     0 PTAMS 0x00000000b5700000 NTAMS 0x00000000b5700000 space 1024K, 100% used [0x00000000b5700000, 0x00000000b5800000)
AC   0  E CS TS     1 PTAMS 0x00000000b5800000 NTAMS 0x00000000b5800000 space 1024K, 100% used [0x00000000b5800000, 0x00000000b5900000)
AC   0  E CS TS     0 PTAMS 0x00000000b5900000 NTAMS 0x00000000b5900000 space 1024K, 100% used [0x00000000b5900000, 0x00000000b5a00000)
AC   0  E CS TS     0 PTAMS 0x00000000b5a00000 NTAMS 0x00000000b5a00000 space 1024K, 100% used [0x00000000b5a00000, 0x00000000b5b00000)
AC   0  E CS TS     1 PTAMS 0x00000000b5b00000 NTAMS 0x00000000b5b00000 space 1024K, 100% used [0x00000000b5b00000, 0x00000000b5c00000)
AC   0  E CS TS     0 PTAMS 0x00000000b5c00000 NTAMS 0x00000000b5c00000 space 1024K, 100% used [0x00000000b5c00000, 0x00000000b5d00000)
AC   0  E CS TS     0 PTAMS 0x00000000b5d00000 NTAMS 0x00000000b5d00000 space 1024K, 100% used [0x00000000b5d00000, 0x00000000b5e00000)
AC   0  E CS TS     1 PTAMS 0x00000000b5e00000 NTAMS 0x00000000b5e00000 space 1024K, 100% used [0x00000000b5e00000, 0x00000000b5f00000)
AC   0  E CS TS     0 PTAMS 0x00000000b5f00000 NTAMS 0x00000000b5f00000 space 1024K, 100% used [0x00000000b5f00000, 0x00000000b6000000)
AC   0  E CS TS     0 PTAMS 0x00000000b6000000 NTAMS 0x00000000b6000000 space 1024K, 100% used [0x00000000b6000000, 0x00000000b6100000)
AC   0  E CS TS     1 PTAMS 0x00000000b6100000 NTAMS 0x00000000b6100000 space 1024K, 100% used [0x00000000b6100000, 0x00000000b6200000)
AC   0  E CS TS     0 PTAMS 0x00000000b6200000 NTAMS 0x00000000b6200000 space 1024K, 100% used [0x00000000b6200000, 0x00000000b6300000)
AC   0  E CS TS     0 PTAMS 0x00000000b6300000 NTAMS 0x00000000b6300000 space 1024K, 100% used [0x00000000b6300000, 0x00000000b6400000)
AC   0  E CS TS     1 PTAMS 0x00000000b6400000 NTAMS 0x00000000b6400000 space 1024K, 100% used [0x00000000b6400000, 0x00000000b6500000)
AC   0  E CS TS     0 PTAMS 0x00000000b6500000 NTAMS 0x00000000b6500000 space 1024K, 100% used [0x00000000b6500000, 0x00000000b6600000)
AC   0  E CS TS     0 PTAMS 0x00000000b6600000 NTAMS 0x00000000b6600000 space 1024K, 100% used [0x00000000b6600000, 0x00000000b6700000)
AC   0  E CS TS     0 PTAMS 0x00000000b6700000 NTAMS 0x00000000b6700000 space 1024K, 100% used [0x00000000b6700000, 0x00000000b6800000)
AC   0  E CS TS     0 PTAMS 0x00000000b6800000 NTAMS 0x00000000b6800000 space 1024K, 100% used [0x00000000b6800000, 0x00000000b6900000)
AC   0  E CS TS     0 PTAMS 0x00000000b6900000 NTAMS 0x00000000b6900000 space 1024K, 100% used [0x00000000b6900000, 0x00000000b6a00000)
AC   0  E CS TS     0 PTAMS 0x00000000b6a00000 NTAMS 0x00000000b6a00000 space 1024K, 100% used [0x00000000b6a00000, 0x00000000b6b00000)
AC   0  E CS TS     0 PTAMS 0x00000000b6b00000 NTAMS 0x00000000b6b00000 space 1024K, 100% used [0x00000000b6b00000, 0x00000000b6c00000)
AC   0  E CS TS     0 PTAMS 0x00000000b6c00000 NTAMS 0x00000000b6c00000 space 1024K, 100% used [0x00000000b6c00000, 0x00000000b6d00000)
AC   0  E CS TS     0 PTAMS 0x00000000b6d00000 NTAMS 0x00000000b6d00000 space 1024K, 100% used [0x00000000b6d00000, 0x00000000b6e00000)
AC   0  E CS TS     0 PTAMS 0x00000000b6e00000 NTAMS 0x00000000b6e00000 space 1024K, 100% used [0x00000000b6e00000, 0x00000000b6f00000)
AC   0  E CS TS     0 PTAMS 0x00000000b6f00000 NTAMS 0x00000000b6f00000 space 1024K, 100% used [0x00000000b6f00000, 0x00000000b7000000)
AC   0  E CS TS     0 PTAMS 0x00000000b7000000 NTAMS 0x00000000b7000000 space 1024K, 100% used [0x00000000b7000000, 0x00000000b7100000)
AC   0  E CS TS     0 PTAMS 0x00000000b7100000 NTAMS 0x00000000b7100000 space 1024K, 100% used [0x00000000b7100000, 0x00000000b7200000)
AC   0  E CS TS     0 PTAMS 0x00000000b7200000 NTAMS 0x00000000b7200000 space 1024K, 100% used [0x00000000b7200000, 0x00000000b7300000)
AC   0  E CS TS     0 PTAMS 0x00000000b7300000 NTAMS 0x00000000b7300000 space 1024K, 100% used [0x00000000b7300000, 0x00000000b7400000)
AC   0  E CS TS     0 PTAMS 0x00000000b7400000 NTAMS 0x00000000b7400000 space 1024K, 100% used [0x00000000b7400000, 0x00000000b7500000)
AC   0  E CS TS     0 PTAMS 0x00000000b7500000 NTAMS 0x00000000b7500000 space 1024K, 100% used [0x00000000b7500000, 0x00000000b7600000)
AC   0  E CS TS     0 PTAMS 0x00000000b7600000 NTAMS 0x00000000b7600000 space 1024K, 100% used [0x00000000b7600000, 0x00000000b7700000)
AC   0  E CS TS     0 PTAMS 0x00000000b7700000 NTAMS 0x00000000b7700000 space 1024K, 100% used [0x00000000b7700000, 0x00000000b7800000)
AC   0  E CS TS     0 PTAMS 0x00000000b7800000 NTAMS 0x00000000b7800000 space 1024K, 100% used [0x00000000b7800000, 0x00000000b7900000)
AC   0  E CS TS     3 PTAMS 0x00000000b7900000 NTAMS 0x00000000b7900000 space 1024K, 100% used [0x00000000b7900000, 0x00000000b7a00000)
AC   0  E CS TS     3 PTAMS 0x00000000b7a00000 NTAMS 0x00000000b7a00000 space 1024K, 100% used [0x00000000b7a00000, 0x00000000b7b00000)
AC   0  E CS TS     3 PTAMS 0x00000000b7b00000 NTAMS 0x00000000b7b00000 space 1024K, 100% used [0x00000000b7b00000, 0x00000000b7c00000)
AC   0  E CS TS     0 PTAMS 0x00000000b7c00000 NTAMS 0x00000000b7c00000 space 1024K, 100% used [0x00000000b7c00000, 0x00000000b7d00000)
AC   0  E CS TS     0 PTAMS 0x00000000b7d00000 NTAMS 0x00000000b7d00000 space 1024K, 100% used [0x00000000b7d00000, 0x00000000b7e00000)
AC   0  E CS TS     0 PTAMS 0x00000000b7e00000 NTAMS 0x00000000b7e00000 space 1024K, 100% used [0x00000000b7e00000, 0x00000000b7f00000)
AC   0  E CS TS     1 PTAMS 0x00000000b7f00000 NTAMS 0x00000000b7f00000 space 1024K, 100% used [0x00000000b7f00000, 0x00000000b8000000)
AC   0  E CS TS     1 PTAMS 0x00000000b8000000 NTAMS 0x00000000b8000000 space 1024K, 100% used [0x00000000b8000000, 0x00000000b8100000)
AC   0  E CS TS     1 PTAMS 0x00000000b8100000 NTAMS 0x00000000b8100000 space 1024K, 100% used [0x00000000b8100000, 0x00000000b8200000)

Card table byte_map: [0x0000000012cd0000,0x0000000012fd0000] byte_map_base: 0x00000000127d0000

Marking Bits (Prev, Next): (CMBitMap*) 0x0000000002259c30, (CMBitMap*) 0x0000000002259bd8
 Prev Bits: [0x0000000014ad0000, 0x00000000162d0000)
 Next Bits: [0x00000000132d0000, 0x0000000014ad0000)

Polling page: 0x0000000000220000

CodeCache: size=245760Kb used=66508Kb max_used=66524Kb free=179251Kb
 bounds [0x0000000002380000, 0x00000000064e0000, 0x0000000011380000]
 total_blobs=17936 nmethods=17048 adapters=792
 compilation: enabled

Compilation events (10 events):
Event: 3152.140 Thread 0x000000001989e000 22646       4       sun.misc.FloatingDecimal$BinaryToASCIIBuffer::developLongDigits (304 bytes)
Event: 3171.787 Thread 0x00000000198b7000 nmethod 22643 0x00000000064d4050 code [0x00000000064d4220, 0x00000000064d48e8]
Event: 3171.787 Thread 0x00000000198b7000 22647       3       java.util.Properties::load0 (250 bytes)
Event: 3173.716 Thread 0x00000000198b7000 nmethod 22647 0x00000000064d3050 code [0x00000000064d3240, 0x00000000064d3c18]
Event: 3173.764 Thread 0x00000000198b7000 22644       3       sun.nio.fs.NativeBuffer::setOwner (6 bytes)
Event: 3173.765 Thread 0x00000000198b7000 nmethod 22644 0x00000000064c8290 code [0x00000000064c83e0, 0x00000000064c8590]
Event: 3197.556 Thread 0x000000001989e000 nmethod 22646 0x00000000064c7d90 code [0x00000000064c7ee0, 0x00000000064c80b8]
Event: 3215.030 Thread 0x0000000019895000 22648       4       org.eclipse.jface.viewers.TreeViewer::getColumnViewerOwner (45 bytes)
Event: 3217.187 Thread 0x0000000019895000 nmethod 22648 0x00000000064c9590 code [0x00000000064c96e0, 0x00000000064c9878]
Event: 3218.089 Thread 0x000000001989e000 22649   !   4       org.eclipse.jface.text.source.OverviewRuler::doPaint (711 bytes)

GC Heap History (10 events):
Event: 2580.464 GC heap before
{Heap before GC invocations=80 (full 0):
 garbage-first heap   total 393216K, used 344575K [0x00000000a0000000, 0x00000000a0100c00, 0x0000000100000000)
  region size 1024K, 176 young (180224K), 2 survivors (2048K)
 Metaspace       used 112227K, capacity 123652K, committed 123976K, reserved 1157120K
  class space    used 12780K, capacity 15884K, committed 15944K, reserved 1048576K
Event: 2580.506 GC heap after
Heap after GC invocations=81 (full 0):
 garbage-first heap   total 395264K, used 215040K [0x00000000a0000000, 0x00000000a0100c10, 0x0000000100000000)
  region size 1024K, 22 young (22528K), 22 survivors (22528K)
 Metaspace       used 112227K, capacity 123652K, committed 123976K, reserved 1157120K
  class space    used 12780K, capacity 15884K, committed 15944K, reserved 1048576K
}
Event: 2607.604 GC heap before
{Heap before GC invocations=81 (full 0):
 garbage-first heap   total 395264K, used 332800K [0x00000000a0000000, 0x00000000a0100c10, 0x0000000100000000)
  region size 1024K, 137 young (140288K), 22 survivors (22528K)
 Metaspace       used 113554K, capacity 125066K, committed 125384K, reserved 1159168K
  class space    used 12880K, capacity 15965K, committed 16072K, reserved 1048576K
Event: 2607.625 GC heap after
Heap after GC invocations=82 (full 0):
 garbage-first heap   total 395264K, used 226816K [0x00000000a0000000, 0x00000000a0100c10, 0x0000000100000000)
  region size 1024K, 18 young (18432K), 18 survivors (18432K)
 Metaspace       used 113554K, capacity 125066K, committed 125384K, reserved 1159168K
  class space    used 12880K, capacity 15965K, committed 16072K, reserved 1048576K
}
Event: 2705.404 GC heap before
{Heap before GC invocations=83 (full 0):
 garbage-first heap   total 395264K, used 260608K [0x00000000a0000000, 0x00000000a0100c10, 0x0000000100000000)
  region size 1024K, 125 young (128000K), 18 survivors (18432K)
 Metaspace       used 113661K, capacity 125162K, committed 125384K, reserved 1159168K
  class space    used 12877K, capacity 15959K, committed 16072K, reserved 1048576K
Event: 2705.428 GC heap after
Heap after GC invocations=84 (full 0):
 garbage-first heap   total 395264K, used 172544K [0x00000000a0000000, 0x00000000a0100c10, 0x0000000100000000)
  region size 1024K, 16 young (16384K), 16 survivors (16384K)
 Metaspace       used 113661K, capacity 125162K, committed 125384K, reserved 1159168K
  class space    used 12877K, capacity 15959K, committed 16072K, reserved 1048576K
}
Event: 2705.454 GC heap before
{Heap before GC invocations=84 (full 0):
 garbage-first heap   total 395264K, used 175616K [0x00000000a0000000, 0x00000000a0100c10, 0x0000000100000000)
  region size 1024K, 19 young (19456K), 16 survivors (16384K)
 Metaspace       used 113662K, capacity 125162K, committed 125384K, reserved 1159168K
  class space    used 12877K, capacity 15959K, committed 16072K, reserved 1048576K
Event: 2705.476 GC heap after
Heap after GC invocations=85 (full 0):
 garbage-first heap   total 395264K, used 150528K [0x00000000a0000000, 0x00000000a0100c10, 0x0000000100000000)
  region size 1024K, 3 young (3072K), 3 survivors (3072K)
 Metaspace       used 113662K, capacity 125162K, committed 125384K, reserved 1159168K
  class space    used 12877K, capacity 15959K, committed 16072K, reserved 1048576K
}
Event: 2927.354 GC heap before
{Heap before GC invocations=85 (full 0):
 garbage-first heap   total 395264K, used 324608K [0x00000000a0000000, 0x00000000a0100c10, 0x0000000100000000)
  region size 1024K, 173 young (177152K), 3 survivors (3072K)
 Metaspace       used 113938K, capacity 125280K, committed 125640K, reserved 1159168K
  class space    used 12896K, capacity 15968K, committed 16072K, reserved 1048576K
Event: 2927.392 GC heap after
Heap after GC invocations=86 (full 0):
 garbage-first heap   total 395264K, used 200192K [0x00000000a0000000, 0x00000000a0100c10, 0x0000000100000000)
  region size 1024K, 22 young (22528K), 22 survivors (22528K)
 Metaspace       used 113938K, capacity 125280K, committed 125640K, reserved 1159168K
  class space    used 12896K, capacity 15968K, committed 16072K, reserved 1048576K
}

Deoptimization events (10 events):
Event: 2762.783 Thread 0x0000000002218000 Uncommon trap: reason=unstable_if action=reinterpret pc=0x0000000003cbb488 method=com.sigasi.hdt.vhdl.parser.antlr.lexer.InternalVhdlLexer.mRULE_ML_COMMENT()V @ 62
Event: 2762.808 Thread 0x0000000002218000 Uncommon trap: reason=unstable_if action=reinterpret pc=0x000000000574cabc method=org.eclipse.jface.text.rules.PatternRule.endSequenceDetected(Lorg/eclipse/jface/text/rules/ICharacterScanner;)Z @ 235
Event: 2762.896 Thread 0x0000000002218000 Uncommon trap: reason=bimorphic action=maybe_recompile pc=0x00000000042a0760 method=org.eclipse.emf.common.notify.impl.NotifyingListImpl.clear()V @ 242
Event: 2762.907 Thread 0x000000001e93e000 Uncommon trap: reason=unstable_if action=reinterpret pc=0x000000000613e8ac method=com.sigasi.hdt.vhdl.types.resolution.ExpressionResolverImpl.a(Lcom/sigasi/hdt/vhdl/vhdl/MetaExpression;Lcom/sigasi/hdt/vhdl/newscoping/Scope;Lcom/sigasi/hdt/vhdl/types/resol
Event: 2762.928 Thread 0x000000001bd8a000 Uncommon trap: reason=unstable_if action=reinterpret pc=0x0000000004f5f388 method=org.eclipse.emf.common.util.CommonUtil.powerOf31(I)I @ 5
Event: 2762.932 Thread 0x000000001bd1e800 Uncommon trap: reason=unstable_if action=reinterpret pc=0x00000000038462fc method=com.sigasi.hdt.vhdl.effectanalysis.util.ClockConditionAnalyzer.d(Lcom/sigasi/hdt/vhdl/vhdl/MetaExpression;)Ljava/util/List; @ 16
Event: 2762.932 Thread 0x0000000002218000 Uncommon trap: reason=bimorphic action=maybe_recompile pc=0x0000000003400c44 method=java.util.Hashtable.put(Ljava/lang/Object;Ljava/lang/Object;)Ljava/lang/Object; @ 60
Event: 2921.448 Thread 0x0000000002218000 Uncommon trap: reason=predicate action=maybe_recompile pc=0x00000000064973e8 method=org.eclipse.jface.text.source.AnnotationPainter.handleDrawRequest(Lorg/eclipse/swt/events/PaintEvent;)V @ 259
Event: 2923.507 Thread 0x0000000002218000 Uncommon trap: reason=unloaded action=reinterpret pc=0x0000000003ac0ca8 method=org.eclipse.emf.common.notify.impl.NotificationImpl.getNewValue()Ljava/lang/Object; @ 154
Event: 3007.388 Thread 0x000000001bd1c800 Uncommon trap: reason=unstable_if action=reinterpret pc=0x000000000591e348 method=java.util.concurrent.locks.ReentrantLock$Sync.nonfairTryAcquire(I)Z @ 19

Internal exceptions (10 events):
Event: 2705.706 Thread 0x0000000002218000 Exception <a 'java/lang/ClassNotFoundException': sun/net/www/protocol/about/Handler> (0x00000000b81d8e80) thrown at [C:\re\workspace\8-2-build-windows-amd64-cygwin\jdk8u144\9417\hotspot\src\share\vm\classfile\systemDictionary.cpp, line 210]
Event: 2706.549 Thread 0x0000000002218000 Exception <a 'java/lang/ClassNotFoundException': sun/net/www/protocol/about/Handler> (0x00000000b7e4c280) thrown at [C:\re\workspace\8-2-build-windows-amd64-cygwin\jdk8u144\9417\hotspot\src\share\vm\classfile\systemDictionary.cpp, line 210]
Event: 2706.563 Thread 0x0000000002218000 Exception <a 'java/lang/ClassNotFoundException': sun/net/www/protocol/about/Handler> (0x00000000b7e61558) thrown at [C:\re\workspace\8-2-build-windows-amd64-cygwin\jdk8u144\9417\hotspot\src\share\vm\classfile\systemDictionary.cpp, line 210]
Event: 2715.117 Thread 0x0000000002218000 Exception <a 'java/io/IOException'> (0x00000000b728ffe8) thrown at [C:\re\workspace\8-2-build-windows-amd64-cygwin\jdk8u144\9417\hotspot\src\share\vm\prims\jni.cpp, line 709]
Event: 2716.310 Thread 0x0000000002218000 Exception <a 'java/io/IOException'> (0x00000000b66bf860) thrown at [C:\re\workspace\8-2-build-windows-amd64-cygwin\jdk8u144\9417\hotspot\src\share\vm\prims\jni.cpp, line 709]
Event: 2717.758 Thread 0x0000000002218000 Exception <a 'java/io/IOException'> (0x00000000b5a72890) thrown at [C:\re\workspace\8-2-build-windows-amd64-cygwin\jdk8u144\9417\hotspot\src\share\vm\prims\jni.cpp, line 709]
Event: 2718.841 Thread 0x0000000002218000 Exception <a 'sun/nio/fs/WindowsException'> (0x00000000b566eb10) thrown at [C:\re\workspace\8-2-build-windows-amd64-cygwin\jdk8u144\9417\hotspot\src\share\vm\prims\jni.cpp, line 709]
Event: 2762.610 Thread 0x0000000002218000 Implicit null exception at 0x000000000498e2f9 to 0x000000000498f2b5
Event: 2762.907 Thread 0x000000001e93e000 Implicit null exception at 0x000000000613dcf9 to 0x000000000613e881
Event: 3135.201 Thread 0x000000001fed8000 Exception <a 'sun/nio/fs/WindowsException'> (0x00000000b4ccae30) thrown at [C:\re\workspace\8-2-build-windows-amd64-cygwin\jdk8u144\9417\hotspot\src\share\vm\prims\jni.cpp, line 709]

Events (10 events):
Event: 3149.279 Executing VM operation: ThreadDump
Event: 3150.593 Executing VM operation: ThreadDump done
Event: 3199.071 Executing VM operation: ThreadDump
Event: 3199.142 Executing VM operation: ThreadDump done
Event: 3202.470 Executing VM operation: ThreadDump
Event: 3202.471 Executing VM operation: ThreadDump done
Event: 3219.085 Thread 0x0000000002218000 DEOPT PACKING pc=0x000000000502bfb1 sp=0x00000000001ecc20
Event: 3219.146 Thread 0x0000000002218000 DEOPT UNPACKING pc=0x00000000023c787f sp=0x00000000001ec9b8 mode 0
Event: 3221.733 Executing VM operation: BulkRevokeBias
Event: 3221.905 Executing VM operation: BulkRevokeBias done


Dynamic libraries:
0x000000013f430000 - 0x000000013f49a000 	C:\Users\TheeYo\Downloads\sigasi\sigasi.exe
0x0000000077230000 - 0x00000000773cf000 	C:\Windows\SYSTEM32\ntdll.dll
0x000007fef3380000 - 0x000007fef3394000 	C:\Program Files (x86)\AVG\Antivirus\x64\aswhooka.dll
0x0000000077010000 - 0x000000007712f000 	C:\Windows\system32\kernel32.dll
0x000007fefd030000 - 0x000007fefd09a000 	C:\Windows\system32\KERNELBASE.dll
0x0000000077130000 - 0x000000007722a000 	C:\Windows\system32\USER32.dll
0x000007fefd770000 - 0x000007fefd7d7000 	C:\Windows\system32\GDI32.dll
0x000007fefe3c0000 - 0x000007fefe3ce000 	C:\Windows\system32\LPK.dll
0x000007fefdf00000 - 0x000007fefdfcb000 	C:\Windows\system32\USP10.dll
0x000007fefd140000 - 0x000007fefd1df000 	C:\Windows\system32\msvcrt.dll
0x000007fefb3e0000 - 0x000007fefb5d4000 	C:\Windows\WinSxS\amd64_microsoft.windows.common-controls_6595b64144ccf1df_6.0.7601.18837_none_fa3b1e3d17594757\COMCTL32.dll
0x000007fefde20000 - 0x000007fefde91000 	C:\Windows\system32\SHLWAPI.dll
0x000007fefe390000 - 0x000007fefe3be000 	C:\Windows\system32\IMM32.DLL
0x000007fefe3d0000 - 0x000007fefe4d9000 	C:\Windows\system32\MSCTF.dll
0x000007fefa080000 - 0x000007fefa0a9000 	C:\Users\TheeYo\Downloads\sigasi\plugins\org.eclipse.equinox.launcher.win32.win32.x86_64_1.1.700.v20180518-1200\eclipse_1705.dll
0x000007feff290000 - 0x000007feff36b000 	C:\Windows\system32\ADVAPI32.dll
0x000007fefd3e0000 - 0x000007fefd3ff000 	C:\Windows\SYSTEM32\sechost.dll
0x000007feff370000 - 0x000007feff49d000 	C:\Windows\system32\RPCRT4.dll
0x000007fefbe10000 - 0x000007fefbe1c000 	C:\Windows\system32\VERSION.dll
0x0000000063af0000 - 0x000000006438d000 	C:\Users\TheeYo\Downloads\sigasi\jre\bin\server\jvm.dll
0x000007fef5e60000 - 0x000007fef5e69000 	C:\Windows\system32\WSOCK32.dll
0x000007fefe260000 - 0x000007fefe2ad000 	C:\Windows\system32\WS2_32.dll
0x000007fefe1b0000 - 0x000007fefe1b8000 	C:\Windows\system32\NSI.dll
0x000007fefa870000 - 0x000007fefa8ab000 	C:\Windows\system32\WINMM.dll
0x00000000773e0000 - 0x00000000773e7000 	C:\Windows\system32\PSAPI.DLL
0x0000000071b20000 - 0x0000000071bf2000 	C:\Windows\system32\MSVCR100.dll
0x0000000071d40000 - 0x0000000071d4f000 	C:\Users\TheeYo\Downloads\sigasi\jre\bin\verify.dll
0x0000000071d10000 - 0x0000000071d39000 	C:\Users\TheeYo\Downloads\sigasi\jre\bin\java.dll
0x0000000071cf0000 - 0x0000000071d06000 	C:\Users\TheeYo\Downloads\sigasi\jre\bin\zip.dll
0x000007fefe4e0000 - 0x000007feff26a000 	C:\Windows\system32\SHELL32.dll
0x000007fefd1e0000 - 0x000007fefd3df000 	C:\Windows\system32\ole32.dll
0x000007fefcd90000 - 0x000007fefcd9f000 	C:\Windows\system32\profapi.dll
0x000007fefc680000 - 0x000007fefc698000 	C:\Windows\system32\CRYPTSP.dll
0x000007fefc250000 - 0x000007fefc297000 	C:\Windows\system32\rsaenh.dll
0x000007fefcf20000 - 0x000007fefcf3f000 	C:\Windows\system32\USERENV.dll
0x000007fefcbe0000 - 0x000007fefcbef000 	C:\Windows\system32\CRYPTBASE.dll
0x0000000071cd0000 - 0x0000000071cea000 	C:\Users\TheeYo\Downloads\sigasi\jre\bin\net.dll
0x000007fefc450000 - 0x000007fefc4a5000 	C:\Windows\system32\mswsock.dll
0x000007fefc8c0000 - 0x000007fefc8c7000 	C:\Windows\System32\wship6.dll
0x000007fef99d0000 - 0x000007fef99f7000 	C:\Windows\system32\IPHLPAPI.DLL
0x000007fef99c0000 - 0x000007fef99cb000 	C:\Windows\system32\WINNSI.DLL
0x000007fef98a0000 - 0x000007fef98b1000 	C:\Windows\system32\dhcpcsvc6.DLL
0x000007fef9880000 - 0x000007fef9898000 	C:\Windows\system32\dhcpcsvc.DLL
0x0000000071cb0000 - 0x0000000071cc1000 	C:\Users\TheeYo\Downloads\sigasi\jre\bin\nio.dll
0x000007fefb310000 - 0x000007fefb366000 	C:\Windows\system32\uxtheme.dll
0x000007fefe2b0000 - 0x000007fefe38a000 	C:\Windows\system32\OLEAUT32.DLL
0x000007fef3430000 - 0x000007fef34d1000 	C:\Users\TheeYo\Downloads\sigasi\configuration\org.eclipse.osgi\249\0\.cp\swt-win32-4880.dll
0x000007fefd6d0000 - 0x000007fefd767000 	C:\Windows\system32\COMDLG32.dll
0x000007fef5fc0000 - 0x000007fef6031000 	C:\Windows\system32\WINSPOOL.DRV
0x000007fefd7e0000 - 0x000007fefdc8c000 	C:\Windows\system32\WININET.dll
0x000007fefcda0000 - 0x000007fefcda4000 	C:\Windows\system32\api-ms-win-downlevel-user32-l1-1-0.dll
0x000007fefcfe0000 - 0x000007fefcfe4000 	C:\Windows\system32\api-ms-win-downlevel-shlwapi-l1-1-0.dll
0x000007fefcf40000 - 0x000007fefcf44000 	C:\Windows\system32\api-ms-win-downlevel-version-l1-1-0.dll
0x000007fefcf90000 - 0x000007fefcf93000 	C:\Windows\system32\api-ms-win-downlevel-normaliz-l1-1-0.dll
0x00000000773d0000 - 0x00000000773d3000 	C:\Windows\system32\normaliz.DLL
0x000007fefd400000 - 0x000007fefd6ca000 	C:\Windows\system32\iertutil.dll
0x000007fefcf50000 - 0x000007fefcf55000 	C:\Windows\system32\api-ms-win-downlevel-advapi32-l1-1-0.dll
0x000007fefcdb0000 - 0x000007fefcf1d000 	C:\Windows\system32\CRYPT32.dll
0x000007fefcd80000 - 0x000007fefcd8f000 	C:\Windows\system32\MSASN1.dll
0x000007fefa560000 - 0x000007fefa563000 	C:\Windows\system32\api-ms-win-core-synch-l1-2-0.DLL
0x000007fefaf30000 - 0x000007fefaf48000 	C:\Windows\system32\dwmapi.dll
0x000007fefba10000 - 0x000007fefbb3c000 	C:\Windows\system32\propsys.dll
0x000007fefe1c0000 - 0x000007fefe259000 	C:\Windows\system32\CLBCatQ.DLL
0x000007fefa4e0000 - 0x000007fefa507000 	C:\Users\TheeYo\Downloads\sigasi\configuration\org.eclipse.osgi\249\0\.cp\swt-gdip-win32-4880.dll
0x000007fefb0f0000 - 0x000007fefb308000 	C:\Windows\WinSxS\amd64_microsoft.windows.gdiplus_6595b64144ccf1df_1.1.7601.24308_none_145557608b95e72f\gdiplus.dll
0x000007fefad80000 - 0x000007fefaee1000 	C:\Windows\system32\WindowsCodecs.dll
0x0000000180000000 - 0x0000000180012000 	C:\Users\TheeYo\Downloads\sigasi\configuration\org.eclipse.osgi\110\0\.cp\os\win32\x86_64\localfile_1_0_0.dll
0x000007fefa4c0000 - 0x000007fefa4db000 	C:\Users\TheeYo\Downloads\sigasi\configuration\org.eclipse.osgi\115\0\.cp\os\win32\x86_64\win32refresh.dll
0x000007fefa540000 - 0x000007fefa551000 	C:\Users\TheeYo\Downloads\sigasi\configuration\org.eclipse.osgi\113\0\.cp\jWinHttp-1.0.0.dll
0x000007fef8a90000 - 0x000007fef8b01000 	C:\Windows\system32\WINHTTP.dll
0x000007fef8a20000 - 0x000007fef8a85000 	C:\Windows\system32\webio.dll
0x000007feec3e0000 - 0x000007feec434000 	C:\Windows\system32\oleacc.dll
0x000007fefa8e0000 - 0x000007fefa8e7000 	C:\Windows\system32\msimg32.dll
0x000007feec8f0000 - 0x000007feec92b000 	C:\Windows\system32\mlang.dll
0x000007fefccd0000 - 0x000007fefcce4000 	C:\Windows\system32\RpcRtRemote.dll
0x0000000071c80000 - 0x0000000071ca4000 	C:\Users\TheeYo\Downloads\sigasi\jre\bin\sunec.dll
0x000007feefb30000 - 0x000007feefcfb000 	C:\Windows\system32\explorerframe.dll
0x000007fefafa0000 - 0x000007fefafe3000 	C:\Windows\system32\DUser.dll
0x000007fefaff0000 - 0x000007fefb0e2000 	C:\Windows\system32\DUI70.dll
0x00000000746b0000 - 0x00000000746bd000 	C:\Users\TheeYo\Downloads\sigasi\jre\bin\management.dll
0x000007fefcb80000 - 0x000007fefcbd7000 	C:\Windows\system32\apphelp.dll
0x000007fef3190000 - 0x000007fef31c5000 	C:\Windows\system32\EhStorShell.dll
0x000007fefdfd0000 - 0x000007fefe1a7000 	C:\Windows\system32\SETUPAPI.dll
0x000007fefcfa0000 - 0x000007fefcfd6000 	C:\Windows\system32\CFGMGR32.dll
0x000007fefcf60000 - 0x000007fefcf7a000 	C:\Windows\system32\DEVOBJ.dll
0x000007fef2070000 - 0x000007fef207f000 	C:\Windows\system32\CSCAPI.dll
0x000007feeff50000 - 0x000007feeffd0000 	C:\Windows\system32\ntshrui.dll
0x000007fefca60000 - 0x000007fefca83000 	C:\Windows\system32\srvcli.dll
0x000007fefa620000 - 0x000007fefa62b000 	C:\Windows\system32\slc.dll
0x000007fefa640000 - 0x000007fefa655000 	C:\Windows\system32\NLAapi.dll
0x000007fef56e0000 - 0x000007fef56f5000 	C:\Windows\system32\napinsp.dll
0x000007fef56c0000 - 0x000007fef56d9000 	C:\Windows\system32\pnrpnsp.dll
0x000007fefc340000 - 0x000007fefc39b000 	C:\Windows\system32\DNSAPI.dll
0x000007fef56b0000 - 0x000007fef56bb000 	C:\Windows\System32\winrnr.dll
0x000007fef78c0000 - 0x000007fef78ef000 	C:\Program Files\Common Files\Microsoft Shared\Windows Live\WLIDNSP.DLL
0x000007fefbee0000 - 0x000007fefbee7000 	C:\Windows\System32\wshtcpip.dll
0x000007fef78b0000 - 0x000007fef78b8000 	C:\Windows\system32\rasadhlp.dll
0x000007fef97f0000 - 0x000007fef9843000 	C:\Windows\System32\fwpuclnt.dll
0x000007feec960000 - 0x000007feed7fa000 	C:\Windows\System32\ieframe.dll
0x000007fefa3a0000 - 0x000007fefa3a4000 	C:\Windows\System32\api-ms-win-downlevel-shell32-l1-1-0.dll
0x000007fef09d0000 - 0x000007fef09d4000 	C:\Windows\system32\api-ms-win-downlevel-shlwapi-l2-1-0.dll
0x000007fefdc90000 - 0x000007fefde18000 	C:\Windows\system32\urlmon.dll
0x000007fefcf80000 - 0x000007fefcf84000 	C:\Windows\system32\api-ms-win-downlevel-ole32-l1-1-0.dll
0x000007fefcbf0000 - 0x000007fefcc81000 	C:\Windows\system32\SXS.DLL
0x000007fec6a50000 - 0x000007fec82e5000 	C:\Windows\System32\mshtml.dll
0x000007fefcb00000 - 0x000007fefcb0b000 	C:\Windows\system32\Secur32.dll
0x000007fefcb50000 - 0x000007fefcb75000 	C:\Windows\system32\SSPICLI.DLL
0x000007fed0e00000 - 0x000007fed138c000 	C:\Windows\System32\jscript9.dll
0x000007fefc6e0000 - 0x000007fefc702000 	C:\Windows\System32\bcrypt.dll
0x000007fefb3d0000 - 0x000007fefb3d4000 	C:\Windows\system32\api-ms-win-downlevel-advapi32-l2-1-0.dll
0x000007fefbb40000 - 0x000007fefbb8b000 	C:\Windows\system32\MMDevAPI.DLL
0x000007fefa830000 - 0x000007fefa86b000 	C:\Windows\system32\wdmaud.drv
0x0000000074af0000 - 0x0000000074af6000 	C:\Windows\system32\ksuser.dll
0x000007fefba00000 - 0x000007fefba09000 	C:\Windows\system32\AVRT.dll
0x000007fefa7e0000 - 0x000007fefa82f000 	C:\Windows\system32\AUDIOSES.DLL
0x000007fefa7d0000 - 0x000007fefa7da000 	C:\Windows\system32\msacm32.drv
0x000007fefa7b0000 - 0x000007fefa7c8000 	C:\Windows\system32\MSACM32.dll
0x000007fefa7a0000 - 0x000007fefa7a9000 	C:\Windows\system32\midimap.dll
0x000007fef9ee0000 - 0x000007fef9eee000 	C:\Windows\system32\msimtf.dll
0x000007fef2780000 - 0x000007fef283b000 	C:\Windows\system32\uiautomationcore.dll
0x000007fed35e0000 - 0x000007fed39a4000 	C:\Windows\system32\d2d1.dll
0x000007fef2840000 - 0x000007fef29d7000 	C:\Windows\system32\DWrite.dll
0x000007fef4900000 - 0x000007fef495d000 	C:\Windows\system32\dxgi.dll
0x000007fefcff0000 - 0x000007fefd02b000 	C:\Windows\system32\WINTRUST.dll
0x000007feefd00000 - 0x000007feefed5000 	C:\Windows\system32\d3d11.dll
0x000007fed0900000 - 0x000007fed0b79000 	C:\Windows\system32\D3D10Warp.dll
0x0000000071560000 - 0x00000000716f8000 	C:\Users\TheeYo\Downloads\sigasi\jre\bin\awt.dll
0x0000000071c70000 - 0x0000000071c7b000 	C:\Users\TheeYo\Downloads\sigasi\jre\bin\sunmscapi.dll

VM Arguments:
jvm_args: -XX:+UseCompressedOops -Xverify:none -Dosgi.requiredJavaVersion=1.8 -Declipse.p2.max.threads=10 -XX:+UseG1GC -XX:+UseStringDeduplication -Xmx1536m 
java_command: <unknown>
java_class_path (initial): C:\Users\TheeYo\Downloads\sigasi\\plugins/org.eclipse.equinox.launcher_1.5.0.v20180512-1130.jar
Launcher Type: generic

Environment Variables:
PATH=C:/Users/TheeYo/Downloads/sigasi/jre/bin/server;C:/Users/TheeYo/Downloads/sigasi/jre/bin;C:/Users/TheeYo/Downloads/sigasi/jre/lib/amd64;c:\intelfpga_lite\18.1\quartus\bin64\;C:\Program Files\Common Files\Microsoft Shared\Windows Live;C:\Program Files (x86)\Common Files\Microsoft Shared\Windows Live;C:\Windows\system32;C:\Windows;C:\Windows\System32\Wbem;C:\Windows\System32\WindowsPowerShell\v1.0\;C:\Program Files (x86)\Windows Live\Shared;C:\Users\TheeYo\Documents\FPGA\DE1_oscilloscope;
USERNAME=TheeYo
OS=Windows_NT
PROCESSOR_IDENTIFIER=Intel64 Family 6 Model 42 Stepping 7, GenuineIntel



---------------  S Y S T E M  ---------------

OS: Windows 7 , 64 bit Build 7601 (6.1.7601.24308)

CPU:total 4 (initial active 4) (2 cores per cpu, 2 threads per core) family 6 model 42 stepping 7, cmov, cx8, fxsr, mmx, sse, sse2, sse3, ssse3, sse4.1, sse4.2, popcnt, avx, clmul, ht, tsc, tscinvbit

Memory: 4k page, physical 4076088k(480724k free), swap 6122188k(4744k free)

vm_info: Java HotSpot(TM) 64-Bit Server VM (25.144-b01) for windows-amd64 JRE (1.8.0_144-b01), built on Jul 21 2017 21:57:33 by "java_re" with MS VC++ 10.0 (VS2010)

time: Wed Jan 02 01:48:03 2019
elapsed time: 3238 seconds (0d 0h 53m 58s)

