Info: Starting: Create simulation model
Info: qsys-generate C:\Users\Theo\Documents\DE1SoC_SystemBuilder\CodeGenerated\DE1_SOC\DE1_oscilloscope\video_clock_for_DE.qsys --simulation=VHDL --allow-mixed-language-simulation --output-directory=C:\Users\Theo\Documents\DE1SoC_SystemBuilder\CodeGenerated\DE1_SOC\DE1_oscilloscope\video_clock_for_DE\simulation --family="Cyclone V" --part=5CSEMA5F31C6
Progress: Loading DE1_oscilloscope/video_clock_for_DE.qsys
Progress: Reading input file
Progress: Adding video_pll_0 [altera_up_avalon_video_pll 17.1]
Progress: Parameterizing module video_pll_0
Progress: Building connections
Progress: Parameterizing connections
Progress: Validating
Progress: Done reading input file
Info: video_clock_for_DE: Generating video_clock_for_DE "video_clock_for_DE" for SIM_VHDL
Info: video_pll_0: "video_clock_for_DE" instantiated altera_up_avalon_video_pll "video_pll_0"
Info: video_pll: Generating simgen model
Info: video_pll: Info: ******************************************************************* Info: Running Quartus Prime Shell     Info: Version 17.1.1 Internal Build 593 12/11/2017 SJ Lite Edition     Info: Copyright (C) 2017  Intel Corporation. All rights reserved.     Info: Your use of Intel Corporation's design tools, logic functions      Info: and other software and tools, and its AMPP partner logic      Info: functions, and any output files from any of the foregoing      Info: (including device programming or simulation files), and any      Info: associated documentation or information are expressly subject      Info: to the terms and conditions of the Intel Program License      Info: Subscription Agreement, the Intel Quartus Prime License Agreement,     Info: the Intel FPGA IP License Agreement, or other applicable license     Info: agreement, including, without limitation, that your use is for     Info: the sole purpose of programming logic devices manufactured by     Info: Intel and sold by Intel or its authorized distributors.  Please     Info: refer to the applicable agreement for further details.     Info: Processing started: Tue Jul 24 21:53:27 2018 Info: Command: quartus_sh -t run_simgen_cmd.tcl Info: ******************************************************************* Info: Running Quartus Prime Analysis & Synthesis     Info: Version 17.1.1 Internal Build 593 12/11/2017 SJ Lite Edition     Info: Copyright (C) 2017  Intel Corporation. All rights reserved.     Info: Your use of Intel Corporation's design tools, logic functions      Info: and other software and tools, and its AMPP partner logic      Info: functions, and any output files from any of the foregoing      Info: (including device programming or simulation files), and any      Info: associated documentation or information are expressly subject      Info: to the terms and conditions of the Intel Program License      Info: Subscription Agreement, the Intel Quartus Prime License Agreement,     Info: the Intel FPGA IP License Agreement, or other applicable license     Info: agreement, including, without limitation, that your use is for     Info: the sole purpose of programming logic devices manufactured by     Info: Intel and sold by Intel or its authorized distributors.  Please     Info: refer to the applicable agreement for further details.     Info: Processing started: Tue Jul 24 21:53:31 2018 Info: Command: quartus_map video_clock_for_DE_video_pll_0_video_pll.qpf --simgen --ini=disable_check_quartus_compatibility_qsys_only=on --simgen_parameter=CBX_HDL_LANGUAGE=VERILOG Info (20034): Auto device selection is not supported for Cyclone V device family. The default device, 5CGXFC7C7F23C8, is set. Warning (18236): Number of processors has not been specified which may cause overloading on shared machines.  Set the global assignment NUM_PARALLEL_PROCESSORS in your QSF to an appropriate value for best performance. Info (20030): Parallel compilation is enabled and will use 2 of the 2 processors detected Info (12021): Found 1 design units, including 1 entities, in source file video_clock_for_de_video_pll_0_video_pll.v     Info (12023): Found entity 1: video_clock_for_DE_video_pll_0_video_pll File: C:/Users/Theo/AppData/Local/Temp/alt7736_3944932211930580455.dir/0002_video_pll_gen/video_clock_for_DE_video_pll_0_video_pll.v Line: 2 Info (12127): Elaborating entity "video_clock_for_DE_video_pll_0_video_pll" for the top level hierarchy Info (12128): Elaborating entity "altera_pll" for hierarchy "altera_pll:altera_pll_i" File: C:/Users/Theo/AppData/Local/Temp/alt7736_3944932211930580455.dir/0002_video_pll_gen/video_clock_for_DE_video_pll_0_video_pll.v Line: 91 Info (10008): Verilog HDL or VHDL information: EDA Netlist Writer cannot regroup multidimensional array "wire_to_nowhere_64" into its bus Info (12130): Elaborated megafunction instantiation "altera_pll:altera_pll_i" File: C:/Users/Theo/AppData/Local/Temp/alt7736_3944932211930580455.dir/0002_video_pll_gen/video_clock_for_DE_video_pll_0_video_pll.v Line: 91 Info (12133): Instantiated megafunction "altera_pll:altera_pll_i" with the following parameter: File: C:/Users/Theo/AppData/Local/Temp/alt7736_3944932211930580455.dir/0002_video_pll_gen/video_clock_for_DE_video_pll_0_video_pll.v Line: 91     Info (12134): Parameter "fractional_vco_multiplier" = "false"     Info (12134): Parameter "reference_clock_frequency" = "50.0 MHz"     Info (12134): Parameter "operation_mode" = "direct"     Info (12134): Parameter "number_of_clocks" = "3"     Info (12134): Parameter "output_clock_frequency0" = "25.000000 MHz"     Info (12134): Parameter "phase_shift0" = "0 ps"     Info (12134): Parameter "duty_cycle0" = "50"     Info (12134): Parameter "output_clock_frequency1" = "107.692307 MHz"     Info (12134): Parameter "phase_shift1" = "0 ps"     Info (12134): Parameter "duty_cycle1" = "50"     Info (12134): Parameter "output_clock_frequency2" = "33.333333 MHz"     Info (12134): Parameter "phase_shift2" = "0 ps"     Info (12134): Parameter "duty_cycle2" = "50"     Info (12134): Parameter "output_clock_frequency3" = "0 MHz"     Info (12134): Parameter "phase_shift3" = "0 ps"     Info (12134): Parameter "duty_cycle3" = "50"     Info (12134): Parameter "output_clock_frequency4" = "0 MHz"     Info (12134): Parameter "phase_shift4" = "0 ps"     Info (12134): Parameter "duty_cycle4" = "50"     Info (12134): Parameter "output_clock_frequency5" = "0 MHz"     Info (12134): Parameter "phase_shift5" = "0 ps"     Info (12134): Parameter "duty_cycle5" = "50"     Info (12134): Parameter "output_clock_frequency6" = "0 MHz"     Info (12134): Parameter "phase_shift6" = "0 ps"     Info (12134): Parameter "duty_cycle6" = "50"     Info (12134): Parameter "output_clock_frequency7" = "0 MHz"     Info (12134): Parameter "phase_shift7" = "0 ps"     Info (12134): Parameter "duty_cycle7" = "50"     Info (12134): Parameter "output_clock_frequency8" = "0 MHz"     Info (12134): Parameter "phase_shift8" = "0 ps"     Info (12134): Parameter "duty_cycle8" = "50"     Info (12134): Parameter "output_clock_frequency9" = "0 MHz"     Info (12134): Parameter "phase_shift9" = "0 ps"     Info (12134): Parameter "duty_cycle9" = "50"     Info (12134): Parameter "output_clock_frequency10" = "0 MHz"     Info (12134): Parameter "phase_shift10" = "0 ps"     Info (12134): Parameter "duty_cycle10" = "50"     Info (12134): Parameter "output_clock_frequency11" = "0 MHz"     Info (12134): Parameter "phase_shift11" = "0 ps"     Info (12134): Parameter "duty_cycle11" = "50"     Info (12134): Parameter "output_clock_frequency12" = "0 MHz"     Info (12134): Parameter "phase_shift12" = "0 ps"     Info (12134): Parameter "duty_cycle12" = "50"     Info (12134): Parameter "output_clock_frequency13" = "0 MHz"     Info (12134): Parameter "phase_shift13" = "0 ps"     Info (12134): Parameter "duty_cycle13" = "50"     Info (12134): Parameter "output_clock_frequency14" = "0 MHz"     Info (12134): Parameter "phase_shift14" = "0 ps"     Info (12134): Parameter "duty_cycle14" = "50"     Info (12134): Parameter "output_clock_frequency15" = "0 MHz"     Info (12134): Parameter "phase_shift15" = "0 ps"     Info (12134): Parameter "duty_cycle15" = "50"     Info (12134): Parameter "output_clock_frequency16" = "0 MHz"     Info (12134): Parameter "phase_shift16" = "0 ps"     Info (12134): Parameter "duty_cycle16" = "50"     Info (12134): Parameter "output_clock_frequency17" = "0 MHz"     Info (12134): Parameter "phase_shift17" = "0 ps"     Info (12134): Parameter "duty_cycle17" = "50"     Info (12134): Parameter "pll_type" = "General"     Info (12134): Parameter "pll_subtype" = "General" Info (281010): Generating sgate simulator netlist using Simgen SIMGEN_PROGRESS Start of Model generation -- 0% complete SIMGEN_PROGRESS Phase 1 : Internal Objects created -- 25% complete SIMGEN_PROGRESS Phase 2 : Connections between internal objects made -- 60% complete SIMGEN_PROGRESS Phase 3 : Netlist generated -- 100% complete Info: Quartus Prime Analysis & Synthesis was successful. 0 errors, 1 warning     Info: Peak virtual memory: 4794 megabytes     Info: Processing ended: Tue Jul 24 21:54:20 2018     Info: Elapsed time: 00:00:49     Info: Total CPU time (on all processors): 00:00:08 Info (23030): Evaluation of Tcl script run_simgen_cmd.tcl was successful Info: Quartus Prime Shell was successful. 0 errors, 0 warnings     Info: Peak virtual memory: 4666 megabytes     Info: Processing ended: Tue Jul 24 21:54:21 2018     Info: Elapsed time: 00:00:54     Info: Total CPU time (on all processors): 00:00:14
Info: video_pll: Simgen was successful
Info: video_pll: "video_pll_0" instantiated altera_pll "video_pll"
Info: reset_from_locked: "video_pll_0" instantiated altera_up_avalon_reset_from_locked_signal "reset_from_locked"
Info: video_clock_for_DE: Done "video_clock_for_DE" with 4 modules, 4 files
Info: qsys-generate succeeded.
Info: Finished: Create simulation model
Info: Starting: Create Modelsim Project.
Info: sim-script-gen --spd=C:\Users\Theo\Documents\DE1SoC_SystemBuilder\CodeGenerated\DE1_SOC\DE1_oscilloscope\video_clock_for_DE\video_clock_for_DE.spd --output-directory=C:/Users/Theo/Documents/DE1SoC_SystemBuilder/CodeGenerated/DE1_SOC/DE1_oscilloscope/video_clock_for_DE/simulation/ --use-relative-paths=true
Info: Doing: ip-make-simscript --spd=C:\Users\Theo\Documents\DE1SoC_SystemBuilder\CodeGenerated\DE1_SOC\DE1_oscilloscope\video_clock_for_DE\video_clock_for_DE.spd --output-directory=C:/Users/Theo/Documents/DE1SoC_SystemBuilder/CodeGenerated/DE1_SOC/DE1_oscilloscope/video_clock_for_DE/simulation/ --use-relative-paths=true
Info: Generating the following file(s) for MODELSIM simulator in C:/Users/Theo/Documents/DE1SoC_SystemBuilder/CodeGenerated/DE1_SOC/DE1_oscilloscope/video_clock_for_DE/simulation/ directory:
Info: 	mentor/msim_setup.tcl
Info: Skipping VCS script generation since VHDL file $QUARTUS_INSTALL_DIR/eda/sim_lib/altera_syn_attributes.vhd is required for simulation
Info: Generating the following file(s) for VCSMX simulator in C:/Users/Theo/Documents/DE1SoC_SystemBuilder/CodeGenerated/DE1_SOC/DE1_oscilloscope/video_clock_for_DE/simulation/ directory:
Info: 	synopsys/vcsmx/synopsys_sim.setup
Info: 	synopsys/vcsmx/vcsmx_setup.sh
Info: Generating the following file(s) for NCSIM simulator in C:/Users/Theo/Documents/DE1SoC_SystemBuilder/CodeGenerated/DE1_SOC/DE1_oscilloscope/video_clock_for_DE/simulation/ directory:
Info: 	cadence/cds.lib
Info: 	cadence/hdl.var
Info: 	cadence/ncsim_setup.sh
Info: 	3 .cds.lib files in cadence/cds_libs/ directory
Info: Generating the following file(s) for RIVIERA simulator in C:/Users/Theo/Documents/DE1SoC_SystemBuilder/CodeGenerated/DE1_SOC/DE1_oscilloscope/video_clock_for_DE/simulation/ directory:
Info: 	aldec/rivierapro_setup.tcl
Info: For information on how to simulate your IP, see the explanatory comments in the simulator-specific subdirectories under C:/Users/Theo/Documents/DE1SoC_SystemBuilder/CodeGenerated/DE1_SOC/DE1_oscilloscope/video_clock_for_DE/simulation/.
Info: Regenerate these scripts whenever you make any change to any Quartus-generated IP in your project.
Info: Finished: Create Modelsim Project.
Info: Starting: Create block symbol file (.bsf)
Info: qsys-generate C:\Users\Theo\Documents\DE1SoC_SystemBuilder\CodeGenerated\DE1_SOC\DE1_oscilloscope\video_clock_for_DE.qsys --block-symbol-file --output-directory=C:\Users\Theo\Documents\DE1SoC_SystemBuilder\CodeGenerated\DE1_SOC\DE1_oscilloscope\video_clock_for_DE --family="Cyclone V" --part=5CSEMA5F31C6
Progress: Loading DE1_oscilloscope/video_clock_for_DE.qsys
Progress: Reading input file
Progress: Adding video_pll_0 [altera_up_avalon_video_pll 17.1]
Progress: Parameterizing module video_pll_0
Progress: Building connections
Progress: Parameterizing connections
Progress: Validating
Progress: Done reading input file
Info: qsys-generate succeeded.
Info: Finished: Create block symbol file (.bsf)
Info: 
Info: Starting: Create HDL design files for synthesis
Info: qsys-generate C:\Users\Theo\Documents\DE1SoC_SystemBuilder\CodeGenerated\DE1_SOC\DE1_oscilloscope\video_clock_for_DE.qsys --synthesis=VHDL --output-directory=C:\Users\Theo\Documents\DE1SoC_SystemBuilder\CodeGenerated\DE1_SOC\DE1_oscilloscope\video_clock_for_DE\synthesis --family="Cyclone V" --part=5CSEMA5F31C6
Progress: Loading DE1_oscilloscope/video_clock_for_DE.qsys
Progress: Reading input file
Progress: Adding video_pll_0 [altera_up_avalon_video_pll 17.1]
Progress: Parameterizing module video_pll_0
Progress: Building connections
Progress: Parameterizing connections
Progress: Validating
Progress: Done reading input file
Info: video_clock_for_DE: Generating video_clock_for_DE "video_clock_for_DE" for QUARTUS_SYNTH
Info: video_pll_0: "video_clock_for_DE" instantiated altera_up_avalon_video_pll "video_pll_0"
Info: video_pll: "video_pll_0" instantiated altera_pll "video_pll"
Info: reset_from_locked: "video_pll_0" instantiated altera_up_avalon_reset_from_locked_signal "reset_from_locked"
Info: video_clock_for_DE: Done "video_clock_for_DE" with 4 modules, 5 files
Info: qsys-generate succeeded.
Info: Finished: Create HDL design files for synthesis
